[0.732s] Invoking command in '/home/sjk015/Documents/SKJ015-Intelligent_Control/Task_4_1/ros2_ws/src/ibvs': CONDA_PROMPT_MODIFIER=(base) PYTHONPATH=/home/sjk015/Documents/SKJ015-Intelligent_Control/Task_4_1/ros2_ws/build/ibvs/prefix_override:/usr/lib/python3/dist-packages/colcon_core/task/python/colcon_distutils_commands:/home/sjk015/Documents/SKJ015-Intelligent_Control/Task_4_1/ros2_ws/install/ibvs/lib/python3.10/site-packages:${PYTHONPATH} /usr/bin/python3 -W ignore:setup.py install is deprecated setup.py egg_info --egg-base ../../build/ibvs build --build-base /home/sjk015/Documents/SKJ015-Intelligent_Control/Task_4_1/ros2_ws/build/ibvs/build install --record /home/sjk015/Documents/SKJ015-Intelligent_Control/Task_4_1/ros2_ws/build/ibvs/install.log --single-version-externally-managed install_data
[0.938s] running egg_info
[0.938s] writing ../../build/ibvs/ibvs.egg-info/PKG-INFO
[0.939s] writing dependency_links to ../../build/ibvs/ibvs.egg-info/dependency_links.txt
[0.940s] writing entry points to ../../build/ibvs/ibvs.egg-info/entry_points.txt
[0.942s] writing requirements to ../../build/ibvs/ibvs.egg-info/requires.txt
[0.946s] writing top-level names to ../../build/ibvs/ibvs.egg-info/top_level.txt
[0.946s] reading manifest file '../../build/ibvs/ibvs.egg-info/SOURCES.txt'
[0.947s] adding license file 'LICENSE'
[0.947s] writing manifest file '../../build/ibvs/ibvs.egg-info/SOURCES.txt'
[0.947s] running build
[0.947s] running build_py
[0.947s] copying ibvs/controller.py -> /home/sjk015/Documents/SKJ015-Intelligent_Control/Task_4_1/ros2_ws/build/ibvs/build/lib/ibvs
[0.947s] copying ibvs/feature_extractor.py -> /home/sjk015/Documents/SKJ015-Intelligent_Control/Task_4_1/ros2_ws/build/ibvs/build/lib/ibvs
[0.948s] copying ibvs/actuator.py -> /home/sjk015/Documents/SKJ015-Intelligent_Control/Task_4_1/ros2_ws/build/ibvs/build/lib/ibvs
[0.948s] running install
[0.948s] running install_lib
[0.948s] copying /home/sjk015/Documents/SKJ015-Intelligent_Control/Task_4_1/ros2_ws/build/ibvs/build/lib/ibvs/controller.py -> /home/sjk015/Documents/SKJ015-Intelligent_Control/Task_4_1/ros2_ws/install/ibvs/lib/python3.10/site-packages/ibvs
[0.948s] copying /home/sjk015/Documents/SKJ015-Intelligent_Control/Task_4_1/ros2_ws/build/ibvs/build/lib/ibvs/feature_extractor.py -> /home/sjk015/Documents/SKJ015-Intelligent_Control/Task_4_1/ros2_ws/install/ibvs/lib/python3.10/site-packages/ibvs
[0.948s] copying /home/sjk015/Documents/SKJ015-Intelligent_Control/Task_4_1/ros2_ws/build/ibvs/build/lib/ibvs/actuator.py -> /home/sjk015/Documents/SKJ015-Intelligent_Control/Task_4_1/ros2_ws/install/ibvs/lib/python3.10/site-packages/ibvs
[0.949s] byte-compiling /home/sjk015/Documents/SKJ015-Intelligent_Control/Task_4_1/ros2_ws/install/ibvs/lib/python3.10/site-packages/ibvs/controller.py to controller.cpython-310.pyc
[0.949s] byte-compiling /home/sjk015/Documents/SKJ015-Intelligent_Control/Task_4_1/ros2_ws/install/ibvs/lib/python3.10/site-packages/ibvs/feature_extractor.py to feature_extractor.cpython-310.pyc
[0.949s] byte-compiling /home/sjk015/Documents/SKJ015-Intelligent_Control/Task_4_1/ros2_ws/install/ibvs/lib/python3.10/site-packages/ibvs/actuator.py to actuator.cpython-310.pyc
[0.949s] running install_data
[0.949s] running install_egg_info
[0.958s] removing '/home/sjk015/Documents/SKJ015-Intelligent_Control/Task_4_1/ros2_ws/install/ibvs/lib/python3.10/site-packages/ibvs-0.0.0-py3.10.egg-info' (and everything under it)
[0.958s] Copying ../../build/ibvs/ibvs.egg-info to /home/sjk015/Documents/SKJ015-Intelligent_Control/Task_4_1/ros2_ws/install/ibvs/lib/python3.10/site-packages/ibvs-0.0.0-py3.10.egg-info
[0.958s] running install_scripts
[0.982s] Installing actuator script to /home/sjk015/Documents/SKJ015-Intelligent_Control/Task_4_1/ros2_ws/install/ibvs/lib/ibvs
[0.982s] Installing controller script to /home/sjk015/Documents/SKJ015-Intelligent_Control/Task_4_1/ros2_ws/install/ibvs/lib/ibvs
[0.982s] Installing feature_extractor script to /home/sjk015/Documents/SKJ015-Intelligent_Control/Task_4_1/ros2_ws/install/ibvs/lib/ibvs
[0.983s] writing list of installed files to '/home/sjk015/Documents/SKJ015-Intelligent_Control/Task_4_1/ros2_ws/build/ibvs/install.log'
[1.008s] Invoked command in '/home/sjk015/Documents/SKJ015-Intelligent_Control/Task_4_1/ros2_ws/src/ibvs' returned '0': CONDA_PROMPT_MODIFIER=(base) PYTHONPATH=/home/sjk015/Documents/SKJ015-Intelligent_Control/Task_4_1/ros2_ws/build/ibvs/prefix_override:/usr/lib/python3/dist-packages/colcon_core/task/python/colcon_distutils_commands:/home/sjk015/Documents/SKJ015-Intelligent_Control/Task_4_1/ros2_ws/install/ibvs/lib/python3.10/site-packages:${PYTHONPATH} /usr/bin/python3 -W ignore:setup.py install is deprecated setup.py egg_info --egg-base ../../build/ibvs build --build-base /home/sjk015/Documents/SKJ015-Intelligent_Control/Task_4_1/ros2_ws/build/ibvs/build install --record /home/sjk015/Documents/SKJ015-Intelligent_Control/Task_4_1/ros2_ws/build/ibvs/install.log --single-version-externally-managed install_data
