/home/sjk015/Documents/SKJ015-Intelligent_Control/Task_4_1/ros2_ws/install/ibvs/lib/python3.10/site-packages/ibvs/controller.py
/home/sjk015/Documents/SKJ015-Intelligent_Control/Task_4_1/ros2_ws/install/ibvs/lib/python3.10/site-packages/ibvs/__init__.py
/home/sjk015/Documents/SKJ015-Intelligent_Control/Task_4_1/ros2_ws/install/ibvs/lib/python3.10/site-packages/ibvs/feature_extractor.py
/home/sjk015/Documents/SKJ015-Intelligent_Control/Task_4_1/ros2_ws/install/ibvs/lib/python3.10/site-packages/ibvs/actuator.py
/home/sjk015/Documents/SKJ015-Intelligent_Control/Task_4_1/ros2_ws/install/ibvs/lib/python3.10/site-packages/ibvs/__pycache__/controller.cpython-310.pyc
/home/sjk015/Documents/SKJ015-Intelligent_Control/Task_4_1/ros2_ws/install/ibvs/lib/python3.10/site-packages/ibvs/__pycache__/__init__.cpython-310.pyc
/home/sjk015/Documents/SKJ015-Intelligent_Control/Task_4_1/ros2_ws/install/ibvs/lib/python3.10/site-packages/ibvs/__pycache__/feature_extractor.cpython-310.pyc
/home/sjk015/Documents/SKJ015-Intelligent_Control/Task_4_1/ros2_ws/install/ibvs/lib/python3.10/site-packages/ibvs/__pycache__/actuator.cpython-310.pyc
/home/sjk015/Documents/SKJ015-Intelligent_Control/Task_4_1/ros2_ws/install/ibvs/share/ament_index/resource_index/packages/ibvs
/home/sjk015/Documents/SKJ015-Intelligent_Control/Task_4_1/ros2_ws/install/ibvs/share/ibvs/package.xml
/home/sjk015/Documents/SKJ015-Intelligent_Control/Task_4_1/ros2_ws/install/ibvs/share/ibvs/launch/ibvs.launch.py
/home/sjk015/Documents/SKJ015-Intelligent_Control/Task_4_1/ros2_ws/install/ibvs/lib/python3.10/site-packages/ibvs-0.0.0-py3.10.egg-info/dependency_links.txt
/home/sjk015/Documents/SKJ015-Intelligent_Control/Task_4_1/ros2_ws/install/ibvs/lib/python3.10/site-packages/ibvs-0.0.0-py3.10.egg-info/top_level.txt
/home/sjk015/Documents/SKJ015-Intelligent_Control/Task_4_1/ros2_ws/install/ibvs/lib/python3.10/site-packages/ibvs-0.0.0-py3.10.egg-info/SOURCES.txt
/home/sjk015/Documents/SKJ015-Intelligent_Control/Task_4_1/ros2_ws/install/ibvs/lib/python3.10/site-packages/ibvs-0.0.0-py3.10.egg-info/zip-safe
/home/sjk015/Documents/SKJ015-Intelligent_Control/Task_4_1/ros2_ws/install/ibvs/lib/python3.10/site-packages/ibvs-0.0.0-py3.10.egg-info/requires.txt
/home/sjk015/Documents/SKJ015-Intelligent_Control/Task_4_1/ros2_ws/install/ibvs/lib/python3.10/site-packages/ibvs-0.0.0-py3.10.egg-info/PKG-INFO
/home/sjk015/Documents/SKJ015-Intelligent_Control/Task_4_1/ros2_ws/install/ibvs/lib/python3.10/site-packages/ibvs-0.0.0-py3.10.egg-info/entry_points.txt
/home/sjk015/Documents/SKJ015-Intelligent_Control/Task_4_1/ros2_ws/install/ibvs/lib/ibvs/actuator
/home/sjk015/Documents/SKJ015-Intelligent_Control/Task_4_1/ros2_ws/install/ibvs/lib/ibvs/controller
/home/sjk015/Documents/SKJ015-Intelligent_Control/Task_4_1/ros2_ws/install/ibvs/lib/ibvs/feature_extractor
