[0.761s] DEBUG:colcon:Command line arguments: ['/usr/bin/colcon', 'build', '--packages-select', 'comm_package_test']
[0.761s] DEBUG:colcon:Parsed command line arguments: Namespace(log_base=None, log_level=None, verb_name='build', build_base='build', install_base='install', merge_install=False, symlink_install=False, test_result_base=None, continue_on_error=False, executor='parallel', parallel_workers=8, event_handlers=None, ignore_user_meta=False, metas=['./colcon.meta'], base_paths=['.'], packages_ignore=None, packages_ignore_regex=None, paths=None, packages_up_to=None, packages_up_to_regex=None, packages_above=None, packages_above_and_dependencies=None, packages_above_depth=None, packages_select_by_dep=None, packages_skip_by_dep=None, packages_skip_up_to=None, packages_select_build_failed=False, packages_skip_build_finished=False, packages_select_test_failures=False, packages_skip_test_passed=False, packages_select=['comm_package_test'], packages_skip=None, packages_select_regex=None, packages_skip_regex=None, packages_start=None, packages_end=None, allow_overriding=[], cmake_args=None, cmake_target=None, cmake_target_skip_unavailable=False, cmake_clean_cache=False, cmake_clean_first=False, cmake_force_configure=False, ament_cmake_args=None, catkin_cmake_args=None, catkin_skip_building_tests=False, mixin_files=None, mixin=None, verb_parser=<colcon_mixin.mixin.mixin_argument.MixinArgumentDecorator object at 0x71f698c37820>, verb_extension=<colcon_core.verb.build.BuildVerb object at 0x71f698c37370>, main=<bound method BuildVerb.main of <colcon_core.verb.build.BuildVerb object at 0x71f698c37370>>, mixin_verb=('build',))
[1.522s] Level 1:colcon.colcon_core.package_discovery:discover_packages(colcon_meta) check parameters
[1.523s] Level 1:colcon.colcon_core.package_discovery:discover_packages(recursive) check parameters
[1.523s] Level 1:colcon.colcon_core.package_discovery:discover_packages(ignore) check parameters
[1.523s] Level 1:colcon.colcon_core.package_discovery:discover_packages(path) check parameters
[1.523s] Level 1:colcon.colcon_core.package_discovery:discover_packages(colcon_meta) discover
[1.523s] Level 1:colcon.colcon_core.package_discovery:discover_packages(recursive) discover
[1.523s] INFO:colcon.colcon_core.package_discovery:Crawling recursively for packages in '/home/sjk015/Documents/SKJ015-Intelligent_Control/Task_4_1/ros2_ws'
[1.523s] Level 1:colcon.colcon_core.package_identification:_identify(.) by extensions ['ignore', 'ignore_ament_install']
[1.524s] Level 1:colcon.colcon_core.package_identification:_identify(.) by extension 'ignore'
[1.524s] Level 1:colcon.colcon_core.package_identification:_identify(.) by extension 'ignore_ament_install'
[1.524s] Level 1:colcon.colcon_core.package_identification:_identify(.) by extensions ['colcon_pkg']
[1.524s] Level 1:colcon.colcon_core.package_identification:_identify(.) by extension 'colcon_pkg'
[1.524s] Level 1:colcon.colcon_core.package_identification:_identify(.) by extensions ['colcon_meta']
[1.524s] Level 1:colcon.colcon_core.package_identification:_identify(.) by extension 'colcon_meta'
[1.524s] Level 1:colcon.colcon_core.package_identification:_identify(.) by extensions ['ros']
[1.524s] Level 1:colcon.colcon_core.package_identification:_identify(.) by extension 'ros'
[1.560s] Level 1:colcon.colcon_core.package_identification:_identify(.) by extensions ['cmake', 'python']
[1.561s] Level 1:colcon.colcon_core.package_identification:_identify(.) by extension 'cmake'
[1.561s] Level 1:colcon.colcon_core.package_identification:_identify(.) by extension 'python'
[1.562s] Level 1:colcon.colcon_core.package_identification:_identify(.) by extensions ['python_setup_py']
[1.562s] Level 1:colcon.colcon_core.package_identification:_identify(.) by extension 'python_setup_py'
[1.562s] Level 1:colcon.colcon_core.package_identification:_identify(build) by extensions ['ignore', 'ignore_ament_install']
[1.563s] Level 1:colcon.colcon_core.package_identification:_identify(build) by extension 'ignore'
[1.563s] Level 1:colcon.colcon_core.package_identification:_identify(build) ignored
[1.563s] Level 1:colcon.colcon_core.package_identification:_identify(install) by extensions ['ignore', 'ignore_ament_install']
[1.564s] Level 1:colcon.colcon_core.package_identification:_identify(install) by extension 'ignore'
[1.564s] Level 1:colcon.colcon_core.package_identification:_identify(install) ignored
[1.564s] Level 1:colcon.colcon_core.package_identification:_identify(log) by extensions ['ignore', 'ignore_ament_install']
[1.564s] Level 1:colcon.colcon_core.package_identification:_identify(log) by extension 'ignore'
[1.565s] Level 1:colcon.colcon_core.package_identification:_identify(log) ignored
[1.565s] Level 1:colcon.colcon_core.package_identification:_identify(src) by extensions ['ignore', 'ignore_ament_install']
[1.565s] Level 1:colcon.colcon_core.package_identification:_identify(src) by extension 'ignore'
[1.566s] Level 1:colcon.colcon_core.package_identification:_identify(src) by extension 'ignore_ament_install'
[1.566s] Level 1:colcon.colcon_core.package_identification:_identify(src) by extensions ['colcon_pkg']
[1.566s] Level 1:colcon.colcon_core.package_identification:_identify(src) by extension 'colcon_pkg'
[1.567s] Level 1:colcon.colcon_core.package_identification:_identify(src) by extensions ['colcon_meta']
[1.567s] Level 1:colcon.colcon_core.package_identification:_identify(src) by extension 'colcon_meta'
[1.568s] Level 1:colcon.colcon_core.package_identification:_identify(src) by extensions ['ros']
[1.568s] Level 1:colcon.colcon_core.package_identification:_identify(src) by extension 'ros'
[1.569s] Level 1:colcon.colcon_core.package_identification:_identify(src) by extensions ['cmake', 'python']
[1.569s] Level 1:colcon.colcon_core.package_identification:_identify(src) by extension 'cmake'
[1.570s] Level 1:colcon.colcon_core.package_identification:_identify(src) by extension 'python'
[1.570s] Level 1:colcon.colcon_core.package_identification:_identify(src) by extensions ['python_setup_py']
[1.571s] Level 1:colcon.colcon_core.package_identification:_identify(src) by extension 'python_setup_py'
[1.572s] Level 1:colcon.colcon_core.package_identification:_identify(src/build) by extensions ['ignore', 'ignore_ament_install']
[1.572s] Level 1:colcon.colcon_core.package_identification:_identify(src/build) by extension 'ignore'
[1.573s] Level 1:colcon.colcon_core.package_identification:_identify(src/build) ignored
[1.573s] Level 1:colcon.colcon_core.package_identification:_identify(src/comm_package_test) by extensions ['ignore', 'ignore_ament_install']
[1.574s] Level 1:colcon.colcon_core.package_identification:_identify(src/comm_package_test) by extension 'ignore'
[1.575s] Level 1:colcon.colcon_core.package_identification:_identify(src/comm_package_test) by extension 'ignore_ament_install'
[1.575s] Level 1:colcon.colcon_core.package_identification:_identify(src/comm_package_test) by extensions ['colcon_pkg']
[1.576s] Level 1:colcon.colcon_core.package_identification:_identify(src/comm_package_test) by extension 'colcon_pkg'
[1.576s] Level 1:colcon.colcon_core.package_identification:_identify(src/comm_package_test) by extensions ['colcon_meta']
[1.576s] Level 1:colcon.colcon_core.package_identification:_identify(src/comm_package_test) by extension 'colcon_meta'
[1.577s] Level 1:colcon.colcon_core.package_identification:_identify(src/comm_package_test) by extensions ['ros']
[1.577s] Level 1:colcon.colcon_core.package_identification:_identify(src/comm_package_test) by extension 'ros'
[1.588s] DEBUG:colcon.colcon_core.package_identification:Package 'src/comm_package_test' with type 'ros.ament_python' and name 'comm_package_test'
[1.590s] Level 1:colcon.colcon_core.package_identification:_identify(src/install) by extensions ['ignore', 'ignore_ament_install']
[1.591s] Level 1:colcon.colcon_core.package_identification:_identify(src/install) by extension 'ignore'
[1.591s] Level 1:colcon.colcon_core.package_identification:_identify(src/install) ignored
[1.591s] Level 1:colcon.colcon_core.package_identification:_identify(src/log) by extensions ['ignore', 'ignore_ament_install']
[1.592s] Level 1:colcon.colcon_core.package_identification:_identify(src/log) by extension 'ignore'
[1.592s] Level 1:colcon.colcon_core.package_identification:_identify(src/log) ignored
[1.592s] Level 1:colcon.colcon_core.package_identification:_identify(src/pbvs_package) by extensions ['ignore', 'ignore_ament_install']
[1.592s] Level 1:colcon.colcon_core.package_identification:_identify(src/pbvs_package) by extension 'ignore'
[1.592s] Level 1:colcon.colcon_core.package_identification:_identify(src/pbvs_package) by extension 'ignore_ament_install'
[1.592s] Level 1:colcon.colcon_core.package_identification:_identify(src/pbvs_package) by extensions ['colcon_pkg']
[1.592s] Level 1:colcon.colcon_core.package_identification:_identify(src/pbvs_package) by extension 'colcon_pkg'
[1.592s] Level 1:colcon.colcon_core.package_identification:_identify(src/pbvs_package) by extensions ['colcon_meta']
[1.592s] Level 1:colcon.colcon_core.package_identification:_identify(src/pbvs_package) by extension 'colcon_meta'
[1.593s] Level 1:colcon.colcon_core.package_identification:_identify(src/pbvs_package) by extensions ['ros']
[1.593s] Level 1:colcon.colcon_core.package_identification:_identify(src/pbvs_package) by extension 'ros'
[1.594s] DEBUG:colcon.colcon_core.package_identification:Package 'src/pbvs_package' with type 'ros.ament_python' and name 'pbvs_package'
[1.595s] Level 1:colcon.colcon_core.package_discovery:discover_packages(recursive) using defaults
[1.595s] Level 1:colcon.colcon_core.package_discovery:discover_packages(ignore) discover
[1.595s] Level 1:colcon.colcon_core.package_discovery:discover_packages(ignore) using defaults
[1.595s] Level 1:colcon.colcon_core.package_discovery:discover_packages(path) discover
[1.595s] Level 1:colcon.colcon_core.package_discovery:discover_packages(path) using defaults
[1.696s] INFO:colcon.colcon_core.package_selection:Skipping not selected package 'pbvs_package' in 'src/pbvs_package'
[1.698s] Level 1:colcon.colcon_core.package_discovery:discover_packages(prefix_path) check parameters
[1.698s] Level 1:colcon.colcon_core.package_discovery:discover_packages(prefix_path) discover
[1.708s] DEBUG:colcon.colcon_installed_package_information.package_discovery:Found 2 installed packages in /home/sjk015/Documents/SKJ015-Intelligent_Control/Task_4_1/ros2_ws/install
[1.711s] DEBUG:colcon.colcon_installed_package_information.package_discovery:Found 270 installed packages in /opt/ros/humble
[1.713s] Level 1:colcon.colcon_core.package_discovery:discover_packages(prefix_path) using defaults
[1.774s] Level 5:colcon.colcon_core.verb:set package 'comm_package_test' build argument 'cmake_args' from command line to 'None'
[1.774s] Level 5:colcon.colcon_core.verb:set package 'comm_package_test' build argument 'cmake_target' from command line to 'None'
[1.774s] Level 5:colcon.colcon_core.verb:set package 'comm_package_test' build argument 'cmake_target_skip_unavailable' from command line to 'False'
[1.774s] Level 5:colcon.colcon_core.verb:set package 'comm_package_test' build argument 'cmake_clean_cache' from command line to 'False'
[1.774s] Level 5:colcon.colcon_core.verb:set package 'comm_package_test' build argument 'cmake_clean_first' from command line to 'False'
[1.774s] Level 5:colcon.colcon_core.verb:set package 'comm_package_test' build argument 'cmake_force_configure' from command line to 'False'
[1.774s] Level 5:colcon.colcon_core.verb:set package 'comm_package_test' build argument 'ament_cmake_args' from command line to 'None'
[1.774s] Level 5:colcon.colcon_core.verb:set package 'comm_package_test' build argument 'catkin_cmake_args' from command line to 'None'
[1.774s] Level 5:colcon.colcon_core.verb:set package 'comm_package_test' build argument 'catkin_skip_building_tests' from command line to 'False'
[1.774s] DEBUG:colcon.colcon_core.verb:Building package 'comm_package_test' with the following arguments: {'ament_cmake_args': None, 'build_base': '/home/sjk015/Documents/SKJ015-Intelligent_Control/Task_4_1/ros2_ws/build/comm_package_test', 'catkin_cmake_args': None, 'catkin_skip_building_tests': False, 'cmake_args': None, 'cmake_clean_cache': False, 'cmake_clean_first': False, 'cmake_force_configure': False, 'cmake_target': None, 'cmake_target_skip_unavailable': False, 'install_base': '/home/sjk015/Documents/SKJ015-Intelligent_Control/Task_4_1/ros2_ws/install/comm_package_test', 'merge_install': False, 'path': '/home/sjk015/Documents/SKJ015-Intelligent_Control/Task_4_1/ros2_ws/src/comm_package_test', 'symlink_install': False, 'test_result_base': None}
[1.774s] INFO:colcon.colcon_core.executor:Executing jobs using 'parallel' executor
[1.776s] DEBUG:colcon.colcon_parallel_executor.executor.parallel:run_until_complete
[1.776s] INFO:colcon.colcon_ros.task.ament_python.build:Building ROS package in '/home/sjk015/Documents/SKJ015-Intelligent_Control/Task_4_1/ros2_ws/src/comm_package_test' with build type 'ament_python'
[1.777s] Level 1:colcon.colcon_core.shell:create_environment_hook('comm_package_test', 'ament_prefix_path')
[1.793s] INFO:colcon.colcon_core.plugin_system:Skipping extension 'colcon_core.shell.bat': Not used on non-Windows systems
[1.793s] INFO:colcon.colcon_core.shell:Creating environment hook '/home/sjk015/Documents/SKJ015-Intelligent_Control/Task_4_1/ros2_ws/install/comm_package_test/share/comm_package_test/hook/ament_prefix_path.ps1'
[1.796s] INFO:colcon.colcon_core.shell:Creating environment descriptor '/home/sjk015/Documents/SKJ015-Intelligent_Control/Task_4_1/ros2_ws/install/comm_package_test/share/comm_package_test/hook/ament_prefix_path.dsv'
[1.798s] INFO:colcon.colcon_core.shell:Creating environment hook '/home/sjk015/Documents/SKJ015-Intelligent_Control/Task_4_1/ros2_ws/install/comm_package_test/share/comm_package_test/hook/ament_prefix_path.sh'
[1.800s] INFO:colcon.colcon_core.shell:Skip shell extension 'powershell' for command environment: Not usable outside of PowerShell
[1.801s] DEBUG:colcon.colcon_core.shell:Skip shell extension 'dsv' for command environment
[2.302s] INFO:colcon.colcon_core.task.python.build:Building Python package in '/home/sjk015/Documents/SKJ015-Intelligent_Control/Task_4_1/ros2_ws/src/comm_package_test'
[2.303s] INFO:colcon.colcon_core.shell:Skip shell extension 'powershell' for command environment: Not usable outside of PowerShell
[2.303s] DEBUG:colcon.colcon_core.shell:Skip shell extension 'dsv' for command environment
[3.146s] DEBUG:colcon.colcon_core.event_handler.log_command:Invoking command in '/home/sjk015/Documents/SKJ015-Intelligent_Control/Task_4_1/ros2_ws/src/comm_package_test': PYTHONPATH=/home/sjk015/Documents/SKJ015-Intelligent_Control/Task_4_1/ros2_ws/build/comm_package_test/prefix_override:/home/sjk015/Documents/SKJ015-Intelligent_Control/Task_4_1/ros2_ws/install/comm_package_test/lib/python3.10/site-packages:${PYTHONPATH} /usr/bin/python3 -W ignore:setup.py install is deprecated setup.py egg_info --egg-base ../../build/comm_package_test build --build-base /home/sjk015/Documents/SKJ015-Intelligent_Control/Task_4_1/ros2_ws/build/comm_package_test/build install --record /home/sjk015/Documents/SKJ015-Intelligent_Control/Task_4_1/ros2_ws/build/comm_package_test/install.log --single-version-externally-managed install_data
[3.689s] DEBUG:colcon.colcon_core.event_handler.log_command:Invoked command in '/home/sjk015/Documents/SKJ015-Intelligent_Control/Task_4_1/ros2_ws/src/comm_package_test' returned '0': PYTHONPATH=/home/sjk015/Documents/SKJ015-Intelligent_Control/Task_4_1/ros2_ws/build/comm_package_test/prefix_override:/home/sjk015/Documents/SKJ015-Intelligent_Control/Task_4_1/ros2_ws/install/comm_package_test/lib/python3.10/site-packages:${PYTHONPATH} /usr/bin/python3 -W ignore:setup.py install is deprecated setup.py egg_info --egg-base ../../build/comm_package_test build --build-base /home/sjk015/Documents/SKJ015-Intelligent_Control/Task_4_1/ros2_ws/build/comm_package_test/build install --record /home/sjk015/Documents/SKJ015-Intelligent_Control/Task_4_1/ros2_ws/build/comm_package_test/install.log --single-version-externally-managed install_data
[3.719s] Level 1:colcon.colcon_core.environment:checking '/home/sjk015/Documents/SKJ015-Intelligent_Control/Task_4_1/ros2_ws/install/comm_package_test' for CMake module files
[3.720s] Level 1:colcon.colcon_core.environment:checking '/home/sjk015/Documents/SKJ015-Intelligent_Control/Task_4_1/ros2_ws/install/comm_package_test' for CMake config files
[3.721s] Level 1:colcon.colcon_core.environment:checking '/home/sjk015/Documents/SKJ015-Intelligent_Control/Task_4_1/ros2_ws/install/comm_package_test/lib'
[3.721s] Level 1:colcon.colcon_core.environment:checking '/home/sjk015/Documents/SKJ015-Intelligent_Control/Task_4_1/ros2_ws/install/comm_package_test/bin'
[3.721s] Level 1:colcon.colcon_core.environment:checking '/home/sjk015/Documents/SKJ015-Intelligent_Control/Task_4_1/ros2_ws/install/comm_package_test/lib/pkgconfig/comm_package_test.pc'
[3.722s] Level 1:colcon.colcon_core.environment:checking '/home/sjk015/Documents/SKJ015-Intelligent_Control/Task_4_1/ros2_ws/install/comm_package_test/lib/python3.10/site-packages'
[3.722s] Level 1:colcon.colcon_core.shell:create_environment_hook('comm_package_test', 'pythonpath')
[3.722s] INFO:colcon.colcon_core.shell:Creating environment hook '/home/sjk015/Documents/SKJ015-Intelligent_Control/Task_4_1/ros2_ws/install/comm_package_test/share/comm_package_test/hook/pythonpath.ps1'
[3.723s] INFO:colcon.colcon_core.shell:Creating environment descriptor '/home/sjk015/Documents/SKJ015-Intelligent_Control/Task_4_1/ros2_ws/install/comm_package_test/share/comm_package_test/hook/pythonpath.dsv'
[3.724s] INFO:colcon.colcon_core.shell:Creating environment hook '/home/sjk015/Documents/SKJ015-Intelligent_Control/Task_4_1/ros2_ws/install/comm_package_test/share/comm_package_test/hook/pythonpath.sh'
[3.725s] Level 1:colcon.colcon_core.environment:checking '/home/sjk015/Documents/SKJ015-Intelligent_Control/Task_4_1/ros2_ws/install/comm_package_test/bin'
[3.725s] Level 1:colcon.colcon_core.environment:create_environment_scripts_only(comm_package_test)
[3.725s] INFO:colcon.colcon_core.shell:Creating package script '/home/sjk015/Documents/SKJ015-Intelligent_Control/Task_4_1/ros2_ws/install/comm_package_test/share/comm_package_test/package.ps1'
[3.728s] INFO:colcon.colcon_core.shell:Creating package descriptor '/home/sjk015/Documents/SKJ015-Intelligent_Control/Task_4_1/ros2_ws/install/comm_package_test/share/comm_package_test/package.dsv'
[3.729s] INFO:colcon.colcon_core.shell:Creating package script '/home/sjk015/Documents/SKJ015-Intelligent_Control/Task_4_1/ros2_ws/install/comm_package_test/share/comm_package_test/package.sh'
[3.731s] INFO:colcon.colcon_core.shell:Creating package script '/home/sjk015/Documents/SKJ015-Intelligent_Control/Task_4_1/ros2_ws/install/comm_package_test/share/comm_package_test/package.bash'
[3.735s] INFO:colcon.colcon_core.shell:Creating package script '/home/sjk015/Documents/SKJ015-Intelligent_Control/Task_4_1/ros2_ws/install/comm_package_test/share/comm_package_test/package.zsh'
[3.738s] Level 1:colcon.colcon_core.environment:create_file_with_runtime_dependencies(/home/sjk015/Documents/SKJ015-Intelligent_Control/Task_4_1/ros2_ws/install/comm_package_test/share/colcon-core/packages/comm_package_test)
[3.739s] DEBUG:colcon.colcon_parallel_executor.executor.parallel:closing loop
[3.739s] DEBUG:colcon.colcon_parallel_executor.executor.parallel:loop closed
[3.739s] DEBUG:colcon.colcon_parallel_executor.executor.parallel:run_until_complete finished with '0'
[3.739s] DEBUG:colcon.colcon_core.event_reactor:joining thread
[3.757s] INFO:colcon.colcon_core.plugin_system:Skipping extension 'colcon_notification.desktop_notification.terminal_notifier': Not used on non-Darwin systems
[3.757s] INFO:colcon.colcon_core.plugin_system:Skipping extension 'colcon_notification.desktop_notification.win32': Not used on non-Windows systems
[3.757s] INFO:colcon.colcon_notification.desktop_notification:Sending desktop notification using 'notify2'
[3.809s] DEBUG:colcon.colcon_core.event_reactor:joined thread
[3.810s] INFO:colcon.colcon_core.shell:Creating prefix script '/home/sjk015/Documents/SKJ015-Intelligent_Control/Task_4_1/ros2_ws/install/local_setup.ps1'
[3.812s] INFO:colcon.colcon_core.shell:Creating prefix util module '/home/sjk015/Documents/SKJ015-Intelligent_Control/Task_4_1/ros2_ws/install/_local_setup_util_ps1.py'
[3.820s] INFO:colcon.colcon_core.shell:Creating prefix chain script '/home/sjk015/Documents/SKJ015-Intelligent_Control/Task_4_1/ros2_ws/install/setup.ps1'
[3.826s] INFO:colcon.colcon_core.shell:Creating prefix script '/home/sjk015/Documents/SKJ015-Intelligent_Control/Task_4_1/ros2_ws/install/local_setup.sh'
[3.829s] INFO:colcon.colcon_core.shell:Creating prefix util module '/home/sjk015/Documents/SKJ015-Intelligent_Control/Task_4_1/ros2_ws/install/_local_setup_util_sh.py'
[3.830s] INFO:colcon.colcon_core.shell:Creating prefix chain script '/home/sjk015/Documents/SKJ015-Intelligent_Control/Task_4_1/ros2_ws/install/setup.sh'
[3.834s] INFO:colcon.colcon_core.shell:Creating prefix script '/home/sjk015/Documents/SKJ015-Intelligent_Control/Task_4_1/ros2_ws/install/local_setup.bash'
[3.837s] INFO:colcon.colcon_core.shell:Creating prefix chain script '/home/sjk015/Documents/SKJ015-Intelligent_Control/Task_4_1/ros2_ws/install/setup.bash'
[3.841s] INFO:colcon.colcon_core.shell:Creating prefix script '/home/sjk015/Documents/SKJ015-Intelligent_Control/Task_4_1/ros2_ws/install/local_setup.zsh'
[3.843s] INFO:colcon.colcon_core.shell:Creating prefix chain script '/home/sjk015/Documents/SKJ015-Intelligent_Control/Task_4_1/ros2_ws/install/setup.zsh'
