[1.177s] Invoking command in '/home/sjk015/Documents/SKJ015-Intelligent_Control/Task_4_1/ros2_ws/src/pbvs_package': PYTHONPATH=/home/sjk015/Documents/SKJ015-Intelligent_Control/Task_4_1/ros2_ws/build/pbvs_package/prefix_override:/home/sjk015/Documents/SKJ015-Intelligent_Control/Task_4_1/ros2_ws/install/pbvs_package/lib/python3.10/site-packages:${PYTHONPATH} /usr/bin/python3 -W ignore:setup.py install is deprecated setup.py egg_info --egg-base ../../build/pbvs_package build --build-base /home/sjk015/Documents/SKJ015-Intelligent_Control/Task_4_1/ros2_ws/build/pbvs_package/build install --record /home/sjk015/Documents/SKJ015-Intelligent_Control/Task_4_1/ros2_ws/build/pbvs_package/install.log --single-version-externally-managed install_data
[1.637s] running egg_info
[1.639s] writing ../../build/pbvs_package/pbvs_package.egg-info/PKG-INFO
[1.639s] writing dependency_links to ../../build/pbvs_package/pbvs_package.egg-info/dependency_links.txt
[1.639s] writing entry points to ../../build/pbvs_package/pbvs_package.egg-info/entry_points.txt
[1.639s] writing requirements to ../../build/pbvs_package/pbvs_package.egg-info/requires.txt
[1.640s] writing top-level names to ../../build/pbvs_package/pbvs_package.egg-info/top_level.txt
[1.643s] reading manifest file '../../build/pbvs_package/pbvs_package.egg-info/SOURCES.txt'
[1.644s] adding license file 'LICENSE'
[1.645s] writing manifest file '../../build/pbvs_package/pbvs_package.egg-info/SOURCES.txt'
[1.646s] running build
[1.646s] running build_py
[1.646s] copying pbvs_package/FeatureExtractor.py -> /home/sjk015/Documents/SKJ015-Intelligent_Control/Task_4_1/ros2_ws/build/pbvs_package/build/lib/pbvs_package
[1.647s] running install
[1.648s] running install_lib
[1.649s] copying /home/sjk015/Documents/SKJ015-Intelligent_Control/Task_4_1/ros2_ws/build/pbvs_package/build/lib/pbvs_package/FeatureExtractor.py -> /home/sjk015/Documents/SKJ015-Intelligent_Control/Task_4_1/ros2_ws/install/pbvs_package/lib/python3.10/site-packages/pbvs_package
[1.650s] byte-compiling /home/sjk015/Documents/SKJ015-Intelligent_Control/Task_4_1/ros2_ws/install/pbvs_package/lib/python3.10/site-packages/pbvs_package/FeatureExtractor.py to FeatureExtractor.cpython-310.pyc
[1.652s] running install_data
[1.652s] running install_egg_info
[1.655s] removing '/home/sjk015/Documents/SKJ015-Intelligent_Control/Task_4_1/ros2_ws/install/pbvs_package/lib/python3.10/site-packages/pbvs_package-0.0.0-py3.10.egg-info' (and everything under it)
[1.656s] Copying ../../build/pbvs_package/pbvs_package.egg-info to /home/sjk015/Documents/SKJ015-Intelligent_Control/Task_4_1/ros2_ws/install/pbvs_package/lib/python3.10/site-packages/pbvs_package-0.0.0-py3.10.egg-info
[1.657s] running install_scripts
[1.702s] Installing actuator_node script to /home/sjk015/Documents/SKJ015-Intelligent_Control/Task_4_1/ros2_ws/install/pbvs_package/lib/pbvs_package
[1.702s] Installing controller_node script to /home/sjk015/Documents/SKJ015-Intelligent_Control/Task_4_1/ros2_ws/install/pbvs_package/lib/pbvs_package
[1.702s] Installing feature_extraction_node script to /home/sjk015/Documents/SKJ015-Intelligent_Control/Task_4_1/ros2_ws/install/pbvs_package/lib/pbvs_package
[1.703s] writing list of installed files to '/home/sjk015/Documents/SKJ015-Intelligent_Control/Task_4_1/ros2_ws/build/pbvs_package/install.log'
[1.742s] Invoked command in '/home/sjk015/Documents/SKJ015-Intelligent_Control/Task_4_1/ros2_ws/src/pbvs_package' returned '0': PYTHONPATH=/home/sjk015/Documents/SKJ015-Intelligent_Control/Task_4_1/ros2_ws/build/pbvs_package/prefix_override:/home/sjk015/Documents/SKJ015-Intelligent_Control/Task_4_1/ros2_ws/install/pbvs_package/lib/python3.10/site-packages:${PYTHONPATH} /usr/bin/python3 -W ignore:setup.py install is deprecated setup.py egg_info --egg-base ../../build/pbvs_package build --build-base /home/sjk015/Documents/SKJ015-Intelligent_Control/Task_4_1/ros2_ws/build/pbvs_package/build install --record /home/sjk015/Documents/SKJ015-Intelligent_Control/Task_4_1/ros2_ws/build/pbvs_package/install.log --single-version-externally-managed install_data
