[1.149s] Invoking command in '/home/sjk015/Documents/SKJ015-Intelligent_Control/Task_4_1/ros2_ws/src/pbvs': PYTHONPATH=/home/sjk015/Documents/SKJ015-Intelligent_Control/Task_4_1/ros2_ws/build/pbvs/prefix_override:/home/sjk015/Documents/SKJ015-Intelligent_Control/Task_4_1/ros2_ws/install/pbvs/lib/python3.10/site-packages:${PYTHONPATH} /usr/bin/python3 -W ignore:setup.py install is deprecated setup.py egg_info --egg-base ../../build/pbvs build --build-base /home/sjk015/Documents/SKJ015-Intelligent_Control/Task_4_1/ros2_ws/build/pbvs/build install --record /home/sjk015/Documents/SKJ015-Intelligent_Control/Task_4_1/ros2_ws/build/pbvs/install.log --single-version-externally-managed install_data
[1.574s] running egg_info
[1.575s] writing ../../build/pbvs/pbvs.egg-info/PKG-INFO
[1.576s] writing dependency_links to ../../build/pbvs/pbvs.egg-info/dependency_links.txt
[1.576s] writing entry points to ../../build/pbvs/pbvs.egg-info/entry_points.txt
[1.576s] writing requirements to ../../build/pbvs/pbvs.egg-info/requires.txt
[1.576s] writing top-level names to ../../build/pbvs/pbvs.egg-info/top_level.txt
[1.579s] reading manifest file '../../build/pbvs/pbvs.egg-info/SOURCES.txt'
[1.580s] adding license file 'LICENSE'
[1.580s] writing manifest file '../../build/pbvs/pbvs.egg-info/SOURCES.txt'
[1.580s] running build
[1.580s] running build_py
[1.582s] copying pbvs/controller.py -> /home/sjk015/Documents/SKJ015-Intelligent_Control/Task_4_1/ros2_ws/build/pbvs/build/lib/pbvs
[1.582s] copying pbvs/feature_extractor.py -> /home/sjk015/Documents/SKJ015-Intelligent_Control/Task_4_1/ros2_ws/build/pbvs/build/lib/pbvs
[1.582s] running install
[1.583s] running install_lib
[1.585s] copying /home/sjk015/Documents/SKJ015-Intelligent_Control/Task_4_1/ros2_ws/build/pbvs/build/lib/pbvs/controller.py -> /home/sjk015/Documents/SKJ015-Intelligent_Control/Task_4_1/ros2_ws/install/pbvs/lib/python3.10/site-packages/pbvs
[1.585s] copying /home/sjk015/Documents/SKJ015-Intelligent_Control/Task_4_1/ros2_ws/build/pbvs/build/lib/pbvs/feature_extractor.py -> /home/sjk015/Documents/SKJ015-Intelligent_Control/Task_4_1/ros2_ws/install/pbvs/lib/python3.10/site-packages/pbvs
[1.586s] byte-compiling /home/sjk015/Documents/SKJ015-Intelligent_Control/Task_4_1/ros2_ws/install/pbvs/lib/python3.10/site-packages/pbvs/controller.py to controller.cpython-310.pyc
[1.589s] byte-compiling /home/sjk015/Documents/SKJ015-Intelligent_Control/Task_4_1/ros2_ws/install/pbvs/lib/python3.10/site-packages/pbvs/feature_extractor.py to feature_extractor.cpython-310.pyc
[1.589s] running install_data
[1.589s] running install_egg_info
[1.595s] removing '/home/sjk015/Documents/SKJ015-Intelligent_Control/Task_4_1/ros2_ws/install/pbvs/lib/python3.10/site-packages/pbvs-0.0.0-py3.10.egg-info' (and everything under it)
[1.596s] Copying ../../build/pbvs/pbvs.egg-info to /home/sjk015/Documents/SKJ015-Intelligent_Control/Task_4_1/ros2_ws/install/pbvs/lib/python3.10/site-packages/pbvs-0.0.0-py3.10.egg-info
[1.596s] running install_scripts
[1.632s] Installing controller script to /home/sjk015/Documents/SKJ015-Intelligent_Control/Task_4_1/ros2_ws/install/pbvs/lib/pbvs
[1.633s] Installing feature_extractor script to /home/sjk015/Documents/SKJ015-Intelligent_Control/Task_4_1/ros2_ws/install/pbvs/lib/pbvs
[1.633s] writing list of installed files to '/home/sjk015/Documents/SKJ015-Intelligent_Control/Task_4_1/ros2_ws/build/pbvs/install.log'
[1.670s] Invoked command in '/home/sjk015/Documents/SKJ015-Intelligent_Control/Task_4_1/ros2_ws/src/pbvs' returned '0': PYTHONPATH=/home/sjk015/Documents/SKJ015-Intelligent_Control/Task_4_1/ros2_ws/build/pbvs/prefix_override:/home/sjk015/Documents/SKJ015-Intelligent_Control/Task_4_1/ros2_ws/install/pbvs/lib/python3.10/site-packages:${PYTHONPATH} /usr/bin/python3 -W ignore:setup.py install is deprecated setup.py egg_info --egg-base ../../build/pbvs build --build-base /home/sjk015/Documents/SKJ015-Intelligent_Control/Task_4_1/ros2_ws/build/pbvs/build install --record /home/sjk015/Documents/SKJ015-Intelligent_Control/Task_4_1/ros2_ws/build/pbvs/install.log --single-version-externally-managed install_data
