[0.556s] Invoking command in '/home/sjk015/Documents/SKJ015-Intelligent_Control/Task_4_1/ros2_ws/src/pbvs_package': PYTHONPATH=/home/sjk015/Documents/SKJ015-Intelligent_Control/Task_4_1/ros2_ws/build/pbvs_package/prefix_override:/home/sjk015/Documents/SKJ015-Intelligent_Control/Task_4_1/ros2_ws/install/pbvs_package/lib/python3.10/site-packages:${PYTHONPATH} /usr/bin/python3 -W ignore:setup.py install is deprecated setup.py egg_info --egg-base ../../build/pbvs_package build --build-base /home/sjk015/Documents/SKJ015-Intelligent_Control/Task_4_1/ros2_ws/build/pbvs_package/build install --record /home/sjk015/Documents/SKJ015-Intelligent_Control/Task_4_1/ros2_ws/build/pbvs_package/install.log --single-version-externally-managed install_data
[0.775s] running egg_info
[0.776s] writing ../../build/pbvs_package/pbvs_package.egg-info/PKG-INFO
[0.776s] writing dependency_links to ../../build/pbvs_package/pbvs_package.egg-info/dependency_links.txt
[0.776s] writing entry points to ../../build/pbvs_package/pbvs_package.egg-info/entry_points.txt
[0.776s] writing requirements to ../../build/pbvs_package/pbvs_package.egg-info/requires.txt
[0.776s] writing top-level names to ../../build/pbvs_package/pbvs_package.egg-info/top_level.txt
[0.778s] reading manifest file '../../build/pbvs_package/pbvs_package.egg-info/SOURCES.txt'
[0.778s] adding license file 'LICENSE'
[0.779s] writing manifest file '../../build/pbvs_package/pbvs_package.egg-info/SOURCES.txt'
[0.779s] running build
[0.779s] running build_py
[0.779s] copying pbvs_package/launcher.py -> /home/sjk015/Documents/SKJ015-Intelligent_Control/Task_4_1/ros2_ws/build/pbvs_package/build/lib/pbvs_package
[0.780s] running install
[0.780s] running install_lib
[0.781s] copying /home/sjk015/Documents/SKJ015-Intelligent_Control/Task_4_1/ros2_ws/build/pbvs_package/build/lib/pbvs_package/launcher.py -> /home/sjk015/Documents/SKJ015-Intelligent_Control/Task_4_1/ros2_ws/install/pbvs_package/lib/python3.10/site-packages/pbvs_package
[0.781s] byte-compiling /home/sjk015/Documents/SKJ015-Intelligent_Control/Task_4_1/ros2_ws/install/pbvs_package/lib/python3.10/site-packages/pbvs_package/launcher.py to launcher.cpython-310.pyc
[0.782s] running install_data
[0.782s] running install_egg_info
[0.784s] removing '/home/sjk015/Documents/SKJ015-Intelligent_Control/Task_4_1/ros2_ws/install/pbvs_package/lib/python3.10/site-packages/pbvs_package-0.0.0-py3.10.egg-info' (and everything under it)
[0.784s] Copying ../../build/pbvs_package/pbvs_package.egg-info to /home/sjk015/Documents/SKJ015-Intelligent_Control/Task_4_1/ros2_ws/install/pbvs_package/lib/python3.10/site-packages/pbvs_package-0.0.0-py3.10.egg-info
[0.785s] running install_scripts
[0.802s] Installing actuator_node script to /home/sjk015/Documents/SKJ015-Intelligent_Control/Task_4_1/ros2_ws/install/pbvs_package/lib/pbvs_package
[0.805s] Installing controller_node script to /home/sjk015/Documents/SKJ015-Intelligent_Control/Task_4_1/ros2_ws/install/pbvs_package/lib/pbvs_package
[0.805s] Installing feature_extraction_node script to /home/sjk015/Documents/SKJ015-Intelligent_Control/Task_4_1/ros2_ws/install/pbvs_package/lib/pbvs_package
[0.805s] writing list of installed files to '/home/sjk015/Documents/SKJ015-Intelligent_Control/Task_4_1/ros2_ws/build/pbvs_package/install.log'
[0.825s] Invoked command in '/home/sjk015/Documents/SKJ015-Intelligent_Control/Task_4_1/ros2_ws/src/pbvs_package' returned '0': PYTHONPATH=/home/sjk015/Documents/SKJ015-Intelligent_Control/Task_4_1/ros2_ws/build/pbvs_package/prefix_override:/home/sjk015/Documents/SKJ015-Intelligent_Control/Task_4_1/ros2_ws/install/pbvs_package/lib/python3.10/site-packages:${PYTHONPATH} /usr/bin/python3 -W ignore:setup.py install is deprecated setup.py egg_info --egg-base ../../build/pbvs_package build --build-base /home/sjk015/Documents/SKJ015-Intelligent_Control/Task_4_1/ros2_ws/build/pbvs_package/build install --record /home/sjk015/Documents/SKJ015-Intelligent_Control/Task_4_1/ros2_ws/build/pbvs_package/install.log --single-version-externally-managed install_data
