[1.419s] Invoking command in '/home/sjk015/Documents/SKJ015-Intelligent_Control/Task_4_1/ros2_ws/src/pbvs': PYTHONPATH=/home/sjk015/Documents/SKJ015-Intelligent_Control/Task_4_1/ros2_ws/build/pbvs/prefix_override:/home/sjk015/Documents/SKJ015-Intelligent_Control/Task_4_1/ros2_ws/install/pbvs/lib/python3.10/site-packages:${PYTHONPATH} /usr/bin/python3 -W ignore:setup.py install is deprecated setup.py egg_info --egg-base ../../build/pbvs build --build-base /home/sjk015/Documents/SKJ015-Intelligent_Control/Task_4_1/ros2_ws/build/pbvs/build install --record /home/sjk015/Documents/SKJ015-Intelligent_Control/Task_4_1/ros2_ws/build/pbvs/install.log --single-version-externally-managed install_data
[2.156s] running egg_info
[2.158s] writing ../../build/pbvs/pbvs.egg-info/PKG-INFO
[2.161s] writing dependency_links to ../../build/pbvs/pbvs.egg-info/dependency_links.txt
[2.164s] writing entry points to ../../build/pbvs/pbvs.egg-info/entry_points.txt
[2.165s] writing requirements to ../../build/pbvs/pbvs.egg-info/requires.txt
[2.165s] writing top-level names to ../../build/pbvs/pbvs.egg-info/top_level.txt
[2.169s] reading manifest file '../../build/pbvs/pbvs.egg-info/SOURCES.txt'
[2.169s] adding license file 'LICENSE'
[2.173s] writing manifest file '../../build/pbvs/pbvs.egg-info/SOURCES.txt'
[2.175s] running build
[2.176s] running build_py
[2.181s] copying pbvs/controller.py -> /home/sjk015/Documents/SKJ015-Intelligent_Control/Task_4_1/ros2_ws/build/pbvs/build/lib/pbvs
[2.181s] running install
[2.181s] running install_lib
[2.181s] copying /home/sjk015/Documents/SKJ015-Intelligent_Control/Task_4_1/ros2_ws/build/pbvs/build/lib/pbvs/controller.py -> /home/sjk015/Documents/SKJ015-Intelligent_Control/Task_4_1/ros2_ws/install/pbvs/lib/python3.10/site-packages/pbvs
[2.182s] byte-compiling /home/sjk015/Documents/SKJ015-Intelligent_Control/Task_4_1/ros2_ws/install/pbvs/lib/python3.10/site-packages/pbvs/controller.py to controller.cpython-310.pyc
[2.182s] running install_data
[2.182s] running install_egg_info
[2.185s] removing '/home/sjk015/Documents/SKJ015-Intelligent_Control/Task_4_1/ros2_ws/install/pbvs/lib/python3.10/site-packages/pbvs-0.0.0-py3.10.egg-info' (and everything under it)
[2.186s] Copying ../../build/pbvs/pbvs.egg-info to /home/sjk015/Documents/SKJ015-Intelligent_Control/Task_4_1/ros2_ws/install/pbvs/lib/python3.10/site-packages/pbvs-0.0.0-py3.10.egg-info
[2.189s] running install_scripts
[2.239s] Installing actuator script to /home/sjk015/Documents/SKJ015-Intelligent_Control/Task_4_1/ros2_ws/install/pbvs/lib/pbvs
[2.240s] Installing controller script to /home/sjk015/Documents/SKJ015-Intelligent_Control/Task_4_1/ros2_ws/install/pbvs/lib/pbvs
[2.240s] Installing feature_extractor script to /home/sjk015/Documents/SKJ015-Intelligent_Control/Task_4_1/ros2_ws/install/pbvs/lib/pbvs
[2.241s] writing list of installed files to '/home/sjk015/Documents/SKJ015-Intelligent_Control/Task_4_1/ros2_ws/build/pbvs/install.log'
[2.294s] Invoked command in '/home/sjk015/Documents/SKJ015-Intelligent_Control/Task_4_1/ros2_ws/src/pbvs' returned '0': PYTHONPATH=/home/sjk015/Documents/SKJ015-Intelligent_Control/Task_4_1/ros2_ws/build/pbvs/prefix_override:/home/sjk015/Documents/SKJ015-Intelligent_Control/Task_4_1/ros2_ws/install/pbvs/lib/python3.10/site-packages:${PYTHONPATH} /usr/bin/python3 -W ignore:setup.py install is deprecated setup.py egg_info --egg-base ../../build/pbvs build --build-base /home/sjk015/Documents/SKJ015-Intelligent_Control/Task_4_1/ros2_ws/build/pbvs/build install --record /home/sjk015/Documents/SKJ015-Intelligent_Control/Task_4_1/ros2_ws/build/pbvs/install.log --single-version-externally-managed install_data
