[0.293s] DEBUG:colcon:Command line arguments: ['/usr/bin/colcon', 'build', '--packages-select', 'pbvs_package']
[0.293s] DEBUG:colcon:Parsed command line arguments: Namespace(log_base=None, log_level=None, verb_name='build', build_base='build', install_base='install', merge_install=False, symlink_install=False, test_result_base=None, continue_on_error=False, executor='parallel', parallel_workers=8, event_handlers=None, ignore_user_meta=False, metas=['./colcon.meta'], base_paths=['.'], packages_ignore=None, packages_ignore_regex=None, paths=None, packages_up_to=None, packages_up_to_regex=None, packages_above=None, packages_above_and_dependencies=None, packages_above_depth=None, packages_select_by_dep=None, packages_skip_by_dep=None, packages_skip_up_to=None, packages_select_build_failed=False, packages_skip_build_finished=False, packages_select_test_failures=False, packages_skip_test_passed=False, packages_select=['pbvs_package'], packages_skip=None, packages_select_regex=None, packages_skip_regex=None, packages_start=None, packages_end=None, allow_overriding=[], cmake_args=None, cmake_target=None, cmake_target_skip_unavailable=False, cmake_clean_cache=False, cmake_clean_first=False, cmake_force_configure=False, ament_cmake_args=None, catkin_cmake_args=None, catkin_skip_building_tests=False, mixin_files=None, mixin=None, verb_parser=<colcon_mixin.mixin.mixin_argument.MixinArgumentDecorator object at 0x7a1ea253b850>, verb_extension=<colcon_core.verb.build.BuildVerb object at 0x7a1ea253b3a0>, main=<bound method BuildVerb.main of <colcon_core.verb.build.BuildVerb object at 0x7a1ea253b3a0>>, mixin_verb=('build',))
[0.857s] Level 1:colcon.colcon_core.package_discovery:discover_packages(colcon_meta) check parameters
[0.858s] Level 1:colcon.colcon_core.package_discovery:discover_packages(recursive) check parameters
[0.858s] Level 1:colcon.colcon_core.package_discovery:discover_packages(ignore) check parameters
[0.858s] Level 1:colcon.colcon_core.package_discovery:discover_packages(path) check parameters
[0.858s] Level 1:colcon.colcon_core.package_discovery:discover_packages(colcon_meta) discover
[0.859s] Level 1:colcon.colcon_core.package_discovery:discover_packages(recursive) discover
[0.859s] INFO:colcon.colcon_core.package_discovery:Crawling recursively for packages in '/home/sjk015/Documents/SKJ015-Intelligent_Control/Task_4_1/ros2_ws'
[0.860s] Level 1:colcon.colcon_core.package_identification:_identify(.) by extensions ['ignore', 'ignore_ament_install']
[0.860s] Level 1:colcon.colcon_core.package_identification:_identify(.) by extension 'ignore'
[0.861s] Level 1:colcon.colcon_core.package_identification:_identify(.) by extension 'ignore_ament_install'
[0.861s] Level 1:colcon.colcon_core.package_identification:_identify(.) by extensions ['colcon_pkg']
[0.861s] Level 1:colcon.colcon_core.package_identification:_identify(.) by extension 'colcon_pkg'
[0.861s] Level 1:colcon.colcon_core.package_identification:_identify(.) by extensions ['colcon_meta']
[0.862s] Level 1:colcon.colcon_core.package_identification:_identify(.) by extension 'colcon_meta'
[0.862s] Level 1:colcon.colcon_core.package_identification:_identify(.) by extensions ['ros']
[0.862s] Level 1:colcon.colcon_core.package_identification:_identify(.) by extension 'ros'
[0.892s] Level 1:colcon.colcon_core.package_identification:_identify(.) by extensions ['cmake', 'python']
[0.893s] Level 1:colcon.colcon_core.package_identification:_identify(.) by extension 'cmake'
[0.893s] Level 1:colcon.colcon_core.package_identification:_identify(.) by extension 'python'
[0.893s] Level 1:colcon.colcon_core.package_identification:_identify(.) by extensions ['python_setup_py']
[0.894s] Level 1:colcon.colcon_core.package_identification:_identify(.) by extension 'python_setup_py'
[0.894s] Level 1:colcon.colcon_core.package_identification:_identify(build) by extensions ['ignore', 'ignore_ament_install']
[0.895s] Level 1:colcon.colcon_core.package_identification:_identify(build) by extension 'ignore'
[0.895s] Level 1:colcon.colcon_core.package_identification:_identify(build) ignored
[0.896s] Level 1:colcon.colcon_core.package_identification:_identify(install) by extensions ['ignore', 'ignore_ament_install']
[0.896s] Level 1:colcon.colcon_core.package_identification:_identify(install) by extension 'ignore'
[0.896s] Level 1:colcon.colcon_core.package_identification:_identify(install) ignored
[0.897s] Level 1:colcon.colcon_core.package_identification:_identify(log) by extensions ['ignore', 'ignore_ament_install']
[0.897s] Level 1:colcon.colcon_core.package_identification:_identify(log) by extension 'ignore'
[0.897s] Level 1:colcon.colcon_core.package_identification:_identify(log) ignored
[0.898s] Level 1:colcon.colcon_core.package_identification:_identify(src) by extensions ['ignore', 'ignore_ament_install']
[0.898s] Level 1:colcon.colcon_core.package_identification:_identify(src) by extension 'ignore'
[0.899s] Level 1:colcon.colcon_core.package_identification:_identify(src) by extension 'ignore_ament_install'
[0.899s] Level 1:colcon.colcon_core.package_identification:_identify(src) by extensions ['colcon_pkg']
[0.899s] Level 1:colcon.colcon_core.package_identification:_identify(src) by extension 'colcon_pkg'
[0.900s] Level 1:colcon.colcon_core.package_identification:_identify(src) by extensions ['colcon_meta']
[0.900s] Level 1:colcon.colcon_core.package_identification:_identify(src) by extension 'colcon_meta'
[0.900s] Level 1:colcon.colcon_core.package_identification:_identify(src) by extensions ['ros']
[0.901s] Level 1:colcon.colcon_core.package_identification:_identify(src) by extension 'ros'
[0.901s] Level 1:colcon.colcon_core.package_identification:_identify(src) by extensions ['cmake', 'python']
[0.902s] Level 1:colcon.colcon_core.package_identification:_identify(src) by extension 'cmake'
[0.902s] Level 1:colcon.colcon_core.package_identification:_identify(src) by extension 'python'
[0.902s] Level 1:colcon.colcon_core.package_identification:_identify(src) by extensions ['python_setup_py']
[0.903s] Level 1:colcon.colcon_core.package_identification:_identify(src) by extension 'python_setup_py'
[0.903s] Level 1:colcon.colcon_core.package_identification:_identify(src/build) by extensions ['ignore', 'ignore_ament_install']
[0.904s] Level 1:colcon.colcon_core.package_identification:_identify(src/build) by extension 'ignore'
[0.904s] Level 1:colcon.colcon_core.package_identification:_identify(src/build) ignored
[0.904s] Level 1:colcon.colcon_core.package_identification:_identify(src/comm_package_test) by extensions ['ignore', 'ignore_ament_install']
[0.905s] Level 1:colcon.colcon_core.package_identification:_identify(src/comm_package_test) by extension 'ignore'
[0.905s] Level 1:colcon.colcon_core.package_identification:_identify(src/comm_package_test) by extension 'ignore_ament_install'
[0.905s] Level 1:colcon.colcon_core.package_identification:_identify(src/comm_package_test) by extensions ['colcon_pkg']
[0.906s] Level 1:colcon.colcon_core.package_identification:_identify(src/comm_package_test) by extension 'colcon_pkg'
[0.906s] Level 1:colcon.colcon_core.package_identification:_identify(src/comm_package_test) by extensions ['colcon_meta']
[0.906s] Level 1:colcon.colcon_core.package_identification:_identify(src/comm_package_test) by extension 'colcon_meta'
[0.907s] Level 1:colcon.colcon_core.package_identification:_identify(src/comm_package_test) by extensions ['ros']
[0.907s] Level 1:colcon.colcon_core.package_identification:_identify(src/comm_package_test) by extension 'ros'
[0.914s] DEBUG:colcon.colcon_core.package_identification:Package 'src/comm_package_test' with type 'ros.ament_python' and name 'comm_package_test'
[0.915s] Level 1:colcon.colcon_core.package_identification:_identify(src/install) by extensions ['ignore', 'ignore_ament_install']
[0.915s] Level 1:colcon.colcon_core.package_identification:_identify(src/install) by extension 'ignore'
[0.916s] Level 1:colcon.colcon_core.package_identification:_identify(src/install) ignored
[0.916s] Level 1:colcon.colcon_core.package_identification:_identify(src/log) by extensions ['ignore', 'ignore_ament_install']
[0.917s] Level 1:colcon.colcon_core.package_identification:_identify(src/log) by extension 'ignore'
[0.918s] Level 1:colcon.colcon_core.package_identification:_identify(src/log) ignored
[0.918s] Level 1:colcon.colcon_core.package_identification:_identify(src/pbvs_package) by extensions ['ignore', 'ignore_ament_install']
[0.919s] Level 1:colcon.colcon_core.package_identification:_identify(src/pbvs_package) by extension 'ignore'
[0.919s] Level 1:colcon.colcon_core.package_identification:_identify(src/pbvs_package) by extension 'ignore_ament_install'
[0.919s] Level 1:colcon.colcon_core.package_identification:_identify(src/pbvs_package) by extensions ['colcon_pkg']
[0.920s] Level 1:colcon.colcon_core.package_identification:_identify(src/pbvs_package) by extension 'colcon_pkg'
[0.920s] Level 1:colcon.colcon_core.package_identification:_identify(src/pbvs_package) by extensions ['colcon_meta']
[0.920s] Level 1:colcon.colcon_core.package_identification:_identify(src/pbvs_package) by extension 'colcon_meta'
[0.921s] Level 1:colcon.colcon_core.package_identification:_identify(src/pbvs_package) by extensions ['ros']
[0.921s] Level 1:colcon.colcon_core.package_identification:_identify(src/pbvs_package) by extension 'ros'
[0.923s] DEBUG:colcon.colcon_core.package_identification:Package 'src/pbvs_package' with type 'ros.ament_python' and name 'pbvs_package'
[0.923s] Level 1:colcon.colcon_core.package_discovery:discover_packages(recursive) using defaults
[0.924s] Level 1:colcon.colcon_core.package_discovery:discover_packages(ignore) discover
[0.924s] Level 1:colcon.colcon_core.package_discovery:discover_packages(ignore) using defaults
[0.924s] Level 1:colcon.colcon_core.package_discovery:discover_packages(path) discover
[0.925s] Level 1:colcon.colcon_core.package_discovery:discover_packages(path) using defaults
[1.004s] INFO:colcon.colcon_core.package_selection:Skipping not selected package 'comm_package_test' in 'src/comm_package_test'
[1.005s] Level 1:colcon.colcon_core.package_discovery:discover_packages(prefix_path) check parameters
[1.006s] Level 1:colcon.colcon_core.package_discovery:discover_packages(prefix_path) discover
[1.009s] DEBUG:colcon.colcon_installed_package_information.package_discovery:Found 2 installed packages in /home/sjk015/Documents/SKJ015-Intelligent_Control/Task_4_1/ros2_ws/install
[1.013s] DEBUG:colcon.colcon_installed_package_information.package_discovery:Found 270 installed packages in /opt/ros/humble
[1.018s] Level 1:colcon.colcon_core.package_discovery:discover_packages(prefix_path) using defaults
[1.109s] Level 5:colcon.colcon_core.verb:set package 'pbvs_package' build argument 'cmake_args' from command line to 'None'
[1.109s] Level 5:colcon.colcon_core.verb:set package 'pbvs_package' build argument 'cmake_target' from command line to 'None'
[1.110s] Level 5:colcon.colcon_core.verb:set package 'pbvs_package' build argument 'cmake_target_skip_unavailable' from command line to 'False'
[1.110s] Level 5:colcon.colcon_core.verb:set package 'pbvs_package' build argument 'cmake_clean_cache' from command line to 'False'
[1.110s] Level 5:colcon.colcon_core.verb:set package 'pbvs_package' build argument 'cmake_clean_first' from command line to 'False'
[1.110s] Level 5:colcon.colcon_core.verb:set package 'pbvs_package' build argument 'cmake_force_configure' from command line to 'False'
[1.110s] Level 5:colcon.colcon_core.verb:set package 'pbvs_package' build argument 'ament_cmake_args' from command line to 'None'
[1.111s] Level 5:colcon.colcon_core.verb:set package 'pbvs_package' build argument 'catkin_cmake_args' from command line to 'None'
[1.111s] Level 5:colcon.colcon_core.verb:set package 'pbvs_package' build argument 'catkin_skip_building_tests' from command line to 'False'
[1.111s] DEBUG:colcon.colcon_core.verb:Building package 'pbvs_package' with the following arguments: {'ament_cmake_args': None, 'build_base': '/home/sjk015/Documents/SKJ015-Intelligent_Control/Task_4_1/ros2_ws/build/pbvs_package', 'catkin_cmake_args': None, 'catkin_skip_building_tests': False, 'cmake_args': None, 'cmake_clean_cache': False, 'cmake_clean_first': False, 'cmake_force_configure': False, 'cmake_target': None, 'cmake_target_skip_unavailable': False, 'install_base': '/home/sjk015/Documents/SKJ015-Intelligent_Control/Task_4_1/ros2_ws/install/pbvs_package', 'merge_install': False, 'path': '/home/sjk015/Documents/SKJ015-Intelligent_Control/Task_4_1/ros2_ws/src/pbvs_package', 'symlink_install': False, 'test_result_base': None}
[1.112s] INFO:colcon.colcon_core.executor:Executing jobs using 'parallel' executor
[1.115s] DEBUG:colcon.colcon_parallel_executor.executor.parallel:run_until_complete
[1.116s] INFO:colcon.colcon_ros.task.ament_python.build:Building ROS package in '/home/sjk015/Documents/SKJ015-Intelligent_Control/Task_4_1/ros2_ws/src/pbvs_package' with build type 'ament_python'
[1.117s] Level 1:colcon.colcon_core.shell:create_environment_hook('pbvs_package', 'ament_prefix_path')
[1.121s] INFO:colcon.colcon_core.plugin_system:Skipping extension 'colcon_core.shell.bat': Not used on non-Windows systems
[1.122s] INFO:colcon.colcon_core.shell:Creating environment hook '/home/sjk015/Documents/SKJ015-Intelligent_Control/Task_4_1/ros2_ws/install/pbvs_package/share/pbvs_package/hook/ament_prefix_path.ps1'
[1.124s] INFO:colcon.colcon_core.shell:Creating environment descriptor '/home/sjk015/Documents/SKJ015-Intelligent_Control/Task_4_1/ros2_ws/install/pbvs_package/share/pbvs_package/hook/ament_prefix_path.dsv'
[1.126s] INFO:colcon.colcon_core.shell:Creating environment hook '/home/sjk015/Documents/SKJ015-Intelligent_Control/Task_4_1/ros2_ws/install/pbvs_package/share/pbvs_package/hook/ament_prefix_path.sh'
[1.128s] INFO:colcon.colcon_core.shell:Skip shell extension 'powershell' for command environment: Not usable outside of PowerShell
[1.129s] DEBUG:colcon.colcon_core.shell:Skip shell extension 'dsv' for command environment
[1.771s] INFO:colcon.colcon_core.task.python.build:Building Python package in '/home/sjk015/Documents/SKJ015-Intelligent_Control/Task_4_1/ros2_ws/src/pbvs_package'
[1.773s] INFO:colcon.colcon_core.shell:Skip shell extension 'powershell' for command environment: Not usable outside of PowerShell
[1.773s] DEBUG:colcon.colcon_core.shell:Skip shell extension 'dsv' for command environment
[2.769s] DEBUG:colcon.colcon_core.event_handler.log_command:Invoking command in '/home/sjk015/Documents/SKJ015-Intelligent_Control/Task_4_1/ros2_ws/src/pbvs_package': PYTHONPATH=/home/sjk015/Documents/SKJ015-Intelligent_Control/Task_4_1/ros2_ws/build/pbvs_package/prefix_override:/home/sjk015/Documents/SKJ015-Intelligent_Control/Task_4_1/ros2_ws/install/pbvs_package/lib/python3.10/site-packages:${PYTHONPATH} /usr/bin/python3 -W ignore:setup.py install is deprecated setup.py egg_info --egg-base ../../build/pbvs_package build --build-base /home/sjk015/Documents/SKJ015-Intelligent_Control/Task_4_1/ros2_ws/build/pbvs_package/build install --record /home/sjk015/Documents/SKJ015-Intelligent_Control/Task_4_1/ros2_ws/build/pbvs_package/install.log --single-version-externally-managed install_data
[3.539s] DEBUG:colcon.colcon_core.event_handler.log_command:Invoked command in '/home/sjk015/Documents/SKJ015-Intelligent_Control/Task_4_1/ros2_ws/src/pbvs_package' returned '0': PYTHONPATH=/home/sjk015/Documents/SKJ015-Intelligent_Control/Task_4_1/ros2_ws/build/pbvs_package/prefix_override:/home/sjk015/Documents/SKJ015-Intelligent_Control/Task_4_1/ros2_ws/install/pbvs_package/lib/python3.10/site-packages:${PYTHONPATH} /usr/bin/python3 -W ignore:setup.py install is deprecated setup.py egg_info --egg-base ../../build/pbvs_package build --build-base /home/sjk015/Documents/SKJ015-Intelligent_Control/Task_4_1/ros2_ws/build/pbvs_package/build install --record /home/sjk015/Documents/SKJ015-Intelligent_Control/Task_4_1/ros2_ws/build/pbvs_package/install.log --single-version-externally-managed install_data
[3.545s] Level 1:colcon.colcon_core.environment:checking '/home/sjk015/Documents/SKJ015-Intelligent_Control/Task_4_1/ros2_ws/install/pbvs_package' for CMake module files
[3.546s] Level 1:colcon.colcon_core.environment:checking '/home/sjk015/Documents/SKJ015-Intelligent_Control/Task_4_1/ros2_ws/install/pbvs_package' for CMake config files
[3.548s] Level 1:colcon.colcon_core.environment:checking '/home/sjk015/Documents/SKJ015-Intelligent_Control/Task_4_1/ros2_ws/install/pbvs_package/lib'
[3.548s] Level 1:colcon.colcon_core.environment:checking '/home/sjk015/Documents/SKJ015-Intelligent_Control/Task_4_1/ros2_ws/install/pbvs_package/bin'
[3.548s] Level 1:colcon.colcon_core.environment:checking '/home/sjk015/Documents/SKJ015-Intelligent_Control/Task_4_1/ros2_ws/install/pbvs_package/lib/pkgconfig/pbvs_package.pc'
[3.549s] Level 1:colcon.colcon_core.environment:checking '/home/sjk015/Documents/SKJ015-Intelligent_Control/Task_4_1/ros2_ws/install/pbvs_package/lib/python3.10/site-packages'
[3.549s] Level 1:colcon.colcon_core.shell:create_environment_hook('pbvs_package', 'pythonpath')
[3.550s] INFO:colcon.colcon_core.shell:Creating environment hook '/home/sjk015/Documents/SKJ015-Intelligent_Control/Task_4_1/ros2_ws/install/pbvs_package/share/pbvs_package/hook/pythonpath.ps1'
[3.551s] INFO:colcon.colcon_core.shell:Creating environment descriptor '/home/sjk015/Documents/SKJ015-Intelligent_Control/Task_4_1/ros2_ws/install/pbvs_package/share/pbvs_package/hook/pythonpath.dsv'
[3.552s] INFO:colcon.colcon_core.shell:Creating environment hook '/home/sjk015/Documents/SKJ015-Intelligent_Control/Task_4_1/ros2_ws/install/pbvs_package/share/pbvs_package/hook/pythonpath.sh'
[3.554s] Level 1:colcon.colcon_core.environment:checking '/home/sjk015/Documents/SKJ015-Intelligent_Control/Task_4_1/ros2_ws/install/pbvs_package/bin'
[3.554s] Level 1:colcon.colcon_core.environment:create_environment_scripts_only(pbvs_package)
[3.555s] INFO:colcon.colcon_core.shell:Creating package script '/home/sjk015/Documents/SKJ015-Intelligent_Control/Task_4_1/ros2_ws/install/pbvs_package/share/pbvs_package/package.ps1'
[3.557s] INFO:colcon.colcon_core.shell:Creating package descriptor '/home/sjk015/Documents/SKJ015-Intelligent_Control/Task_4_1/ros2_ws/install/pbvs_package/share/pbvs_package/package.dsv'
[3.558s] INFO:colcon.colcon_core.shell:Creating package script '/home/sjk015/Documents/SKJ015-Intelligent_Control/Task_4_1/ros2_ws/install/pbvs_package/share/pbvs_package/package.sh'
[3.559s] INFO:colcon.colcon_core.shell:Creating package script '/home/sjk015/Documents/SKJ015-Intelligent_Control/Task_4_1/ros2_ws/install/pbvs_package/share/pbvs_package/package.bash'
[3.561s] INFO:colcon.colcon_core.shell:Creating package script '/home/sjk015/Documents/SKJ015-Intelligent_Control/Task_4_1/ros2_ws/install/pbvs_package/share/pbvs_package/package.zsh'
[3.563s] Level 1:colcon.colcon_core.environment:create_file_with_runtime_dependencies(/home/sjk015/Documents/SKJ015-Intelligent_Control/Task_4_1/ros2_ws/install/pbvs_package/share/colcon-core/packages/pbvs_package)
[3.565s] DEBUG:colcon.colcon_parallel_executor.executor.parallel:closing loop
[3.566s] DEBUG:colcon.colcon_parallel_executor.executor.parallel:loop closed
[3.566s] DEBUG:colcon.colcon_parallel_executor.executor.parallel:run_until_complete finished with '0'
[3.567s] DEBUG:colcon.colcon_core.event_reactor:joining thread
[3.583s] INFO:colcon.colcon_core.plugin_system:Skipping extension 'colcon_notification.desktop_notification.terminal_notifier': Not used on non-Darwin systems
[3.584s] INFO:colcon.colcon_core.plugin_system:Skipping extension 'colcon_notification.desktop_notification.win32': Not used on non-Windows systems
[3.584s] INFO:colcon.colcon_notification.desktop_notification:Sending desktop notification using 'notify2'
[3.626s] DEBUG:colcon.colcon_core.event_reactor:joined thread
[3.627s] INFO:colcon.colcon_core.shell:Creating prefix script '/home/sjk015/Documents/SKJ015-Intelligent_Control/Task_4_1/ros2_ws/install/local_setup.ps1'
[3.629s] INFO:colcon.colcon_core.shell:Creating prefix util module '/home/sjk015/Documents/SKJ015-Intelligent_Control/Task_4_1/ros2_ws/install/_local_setup_util_ps1.py'
[3.631s] INFO:colcon.colcon_core.shell:Creating prefix chain script '/home/sjk015/Documents/SKJ015-Intelligent_Control/Task_4_1/ros2_ws/install/setup.ps1'
[3.633s] INFO:colcon.colcon_core.shell:Creating prefix script '/home/sjk015/Documents/SKJ015-Intelligent_Control/Task_4_1/ros2_ws/install/local_setup.sh'
[3.634s] INFO:colcon.colcon_core.shell:Creating prefix util module '/home/sjk015/Documents/SKJ015-Intelligent_Control/Task_4_1/ros2_ws/install/_local_setup_util_sh.py'
[3.635s] INFO:colcon.colcon_core.shell:Creating prefix chain script '/home/sjk015/Documents/SKJ015-Intelligent_Control/Task_4_1/ros2_ws/install/setup.sh'
[3.637s] INFO:colcon.colcon_core.shell:Creating prefix script '/home/sjk015/Documents/SKJ015-Intelligent_Control/Task_4_1/ros2_ws/install/local_setup.bash'
[3.638s] INFO:colcon.colcon_core.shell:Creating prefix chain script '/home/sjk015/Documents/SKJ015-Intelligent_Control/Task_4_1/ros2_ws/install/setup.bash'
[3.640s] INFO:colcon.colcon_core.shell:Creating prefix script '/home/sjk015/Documents/SKJ015-Intelligent_Control/Task_4_1/ros2_ws/install/local_setup.zsh'
[3.641s] INFO:colcon.colcon_core.shell:Creating prefix chain script '/home/sjk015/Documents/SKJ015-Intelligent_Control/Task_4_1/ros2_ws/install/setup.zsh'
