[1.215s] Invoking command in '/home/sjk015/Documents/SKJ015-Intelligent_Control/Task_4_1/ros2_ws/src/pbvs': PYTHONPATH=/home/sjk015/Documents/SKJ015-Intelligent_Control/Task_4_1/ros2_ws/build/pbvs/prefix_override:/home/sjk015/Documents/SKJ015-Intelligent_Control/Task_4_1/ros2_ws/install/pbvs/lib/python3.10/site-packages:${PYTHONPATH} /usr/bin/python3 -W ignore:setup.py install is deprecated setup.py egg_info --egg-base ../../build/pbvs build --build-base /home/sjk015/Documents/SKJ015-Intelligent_Control/Task_4_1/ros2_ws/build/pbvs/build install --record /home/sjk015/Documents/SKJ015-Intelligent_Control/Task_4_1/ros2_ws/build/pbvs/install.log --single-version-externally-managed install_data
[1.651s] running egg_info
[1.652s] writing ../../build/pbvs/pbvs.egg-info/PKG-INFO
[1.653s] writing dependency_links to ../../build/pbvs/pbvs.egg-info/dependency_links.txt
[1.653s] writing entry points to ../../build/pbvs/pbvs.egg-info/entry_points.txt
[1.653s] writing requirements to ../../build/pbvs/pbvs.egg-info/requires.txt
[1.654s] writing top-level names to ../../build/pbvs/pbvs.egg-info/top_level.txt
[1.657s] reading manifest file '../../build/pbvs/pbvs.egg-info/SOURCES.txt'
[1.657s] adding license file 'LICENSE'
[1.658s] writing manifest file '../../build/pbvs/pbvs.egg-info/SOURCES.txt'
[1.658s] running build
[1.659s] running build_py
[1.659s] copying pbvs/main.py -> /home/sjk015/Documents/SKJ015-Intelligent_Control/Task_4_1/ros2_ws/build/pbvs/build/lib/pbvs
[1.660s] running install
[1.660s] running install_lib
[1.661s] copying /home/sjk015/Documents/SKJ015-Intelligent_Control/Task_4_1/ros2_ws/build/pbvs/build/lib/pbvs/main.py -> /home/sjk015/Documents/SKJ015-Intelligent_Control/Task_4_1/ros2_ws/install/pbvs/lib/python3.10/site-packages/pbvs
[1.663s] byte-compiling /home/sjk015/Documents/SKJ015-Intelligent_Control/Task_4_1/ros2_ws/install/pbvs/lib/python3.10/site-packages/pbvs/main.py to main.cpython-310.pyc
[1.663s] running install_data
[1.663s] running install_egg_info
[1.667s] removing '/home/sjk015/Documents/SKJ015-Intelligent_Control/Task_4_1/ros2_ws/install/pbvs/lib/python3.10/site-packages/pbvs-0.0.0-py3.10.egg-info' (and everything under it)
[1.667s] Copying ../../build/pbvs/pbvs.egg-info to /home/sjk015/Documents/SKJ015-Intelligent_Control/Task_4_1/ros2_ws/install/pbvs/lib/python3.10/site-packages/pbvs-0.0.0-py3.10.egg-info
[1.668s] running install_scripts
[1.707s] Installing feature_extractor script to /home/sjk015/Documents/SKJ015-Intelligent_Control/Task_4_1/ros2_ws/install/pbvs/lib/pbvs
[1.708s] Installing main script to /home/sjk015/Documents/SKJ015-Intelligent_Control/Task_4_1/ros2_ws/install/pbvs/lib/pbvs
[1.709s] writing list of installed files to '/home/sjk015/Documents/SKJ015-Intelligent_Control/Task_4_1/ros2_ws/build/pbvs/install.log'
[1.749s] Invoked command in '/home/sjk015/Documents/SKJ015-Intelligent_Control/Task_4_1/ros2_ws/src/pbvs' returned '0': PYTHONPATH=/home/sjk015/Documents/SKJ015-Intelligent_Control/Task_4_1/ros2_ws/build/pbvs/prefix_override:/home/sjk015/Documents/SKJ015-Intelligent_Control/Task_4_1/ros2_ws/install/pbvs/lib/python3.10/site-packages:${PYTHONPATH} /usr/bin/python3 -W ignore:setup.py install is deprecated setup.py egg_info --egg-base ../../build/pbvs build --build-base /home/sjk015/Documents/SKJ015-Intelligent_Control/Task_4_1/ros2_ws/build/pbvs/build install --record /home/sjk015/Documents/SKJ015-Intelligent_Control/Task_4_1/ros2_ws/build/pbvs/install.log --single-version-externally-managed install_data
