running egg_info
writing ../../build/ibvs/ibvs.egg-info/PKG-INFO
writing dependency_links to ../../build/ibvs/ibvs.egg-info/dependency_links.txt
writing entry points to ../../build/ibvs/ibvs.egg-info/entry_points.txt
writing requirements to ../../build/ibvs/ibvs.egg-info/requires.txt
writing top-level names to ../../build/ibvs/ibvs.egg-info/top_level.txt
reading manifest file '../../build/ibvs/ibvs.egg-info/SOURCES.txt'
adding license file 'LICENSE'
writing manifest file '../../build/ibvs/ibvs.egg-info/SOURCES.txt'
running build
running build_py
copying ibvs/controller.py -> /home/sjk015/Documents/SKJ015-Intelligent_Control/Task_4_1/ros2_ws/build/ibvs/build/lib/ibvs
running install
running install_lib
copying /home/sjk015/Documents/SKJ015-Intelligent_Control/Task_4_1/ros2_ws/build/ibvs/build/lib/ibvs/controller.py -> /home/sjk015/Documents/SKJ015-Intelligent_Control/Task_4_1/ros2_ws/install/ibvs/lib/python3.10/site-packages/ibvs
byte-compiling /home/sjk015/Documents/SKJ015-Intelligent_Control/Task_4_1/ros2_ws/install/ibvs/lib/python3.10/site-packages/ibvs/controller.py to controller.cpython-310.pyc
running install_data
running install_egg_info
removing '/home/sjk015/Documents/SKJ015-Intelligent_Control/Task_4_1/ros2_ws/install/ibvs/lib/python3.10/site-packages/ibvs-0.0.0-py3.10.egg-info' (and everything under it)
Copying ../../build/ibvs/ibvs.egg-info to /home/sjk015/Documents/SKJ015-Intelligent_Control/Task_4_1/ros2_ws/install/ibvs/lib/python3.10/site-packages/ibvs-0.0.0-py3.10.egg-info
running install_scripts
Installing actuator script to /home/sjk015/Documents/SKJ015-Intelligent_Control/Task_4_1/ros2_ws/install/ibvs/lib/ibvs
Installing controller script to /home/sjk015/Documents/SKJ015-Intelligent_Control/Task_4_1/ros2_ws/install/ibvs/lib/ibvs
Installing feature_extractor script to /home/sjk015/Documents/SKJ015-Intelligent_Control/Task_4_1/ros2_ws/install/ibvs/lib/ibvs
writing list of installed files to '/home/sjk015/Documents/SKJ015-Intelligent_Control/Task_4_1/ros2_ws/build/ibvs/install.log'
