[0.829s] Invoking command in '/home/sjk015/Documents/SKJ015-Intelligent_Control/Task_4_1/ros2_ws/src/ibvs': CONDA_PROMPT_MODIFIER=(base) PYTHONPATH=/home/sjk015/Documents/SKJ015-Intelligent_Control/Task_4_1/ros2_ws/build/ibvs/prefix_override:/usr/lib/python3/dist-packages/colcon_core/task/python/colcon_distutils_commands:/home/sjk015/Documents/SKJ015-Intelligent_Control/Task_4_1/ros2_ws/install/ibvs/lib/python3.10/site-packages:${PYTHONPATH} /usr/bin/python3 -W ignore:setup.py install is deprecated setup.py egg_info --egg-base ../../build/ibvs build --build-base /home/sjk015/Documents/SKJ015-Intelligent_Control/Task_4_1/ros2_ws/build/ibvs/build install --record /home/sjk015/Documents/SKJ015-Intelligent_Control/Task_4_1/ros2_ws/build/ibvs/install.log --single-version-externally-managed install_data
[1.055s] running egg_info
[1.056s] writing ../../build/ibvs/ibvs.egg-info/PKG-INFO
[1.056s] writing dependency_links to ../../build/ibvs/ibvs.egg-info/dependency_links.txt
[1.057s] writing entry points to ../../build/ibvs/ibvs.egg-info/entry_points.txt
[1.057s] writing requirements to ../../build/ibvs/ibvs.egg-info/requires.txt
[1.057s] writing top-level names to ../../build/ibvs/ibvs.egg-info/top_level.txt
[1.058s] reading manifest file '../../build/ibvs/ibvs.egg-info/SOURCES.txt'
[1.058s] adding license file 'LICENSE'
[1.059s] writing manifest file '../../build/ibvs/ibvs.egg-info/SOURCES.txt'
[1.059s] running build
[1.060s] running build_py
[1.060s] copying ibvs/controller.py -> /home/sjk015/Documents/SKJ015-Intelligent_Control/Task_4_1/ros2_ws/build/ibvs/build/lib/ibvs
[1.061s] running install
[1.061s] running install_lib
[1.061s] copying /home/sjk015/Documents/SKJ015-Intelligent_Control/Task_4_1/ros2_ws/build/ibvs/build/lib/ibvs/controller.py -> /home/sjk015/Documents/SKJ015-Intelligent_Control/Task_4_1/ros2_ws/install/ibvs/lib/python3.10/site-packages/ibvs
[1.062s] byte-compiling /home/sjk015/Documents/SKJ015-Intelligent_Control/Task_4_1/ros2_ws/install/ibvs/lib/python3.10/site-packages/ibvs/controller.py to controller.cpython-310.pyc
[1.062s] running install_data
[1.062s] running install_egg_info
[1.065s] removing '/home/sjk015/Documents/SKJ015-Intelligent_Control/Task_4_1/ros2_ws/install/ibvs/lib/python3.10/site-packages/ibvs-0.0.0-py3.10.egg-info' (and everything under it)
[1.065s] Copying ../../build/ibvs/ibvs.egg-info to /home/sjk015/Documents/SKJ015-Intelligent_Control/Task_4_1/ros2_ws/install/ibvs/lib/python3.10/site-packages/ibvs-0.0.0-py3.10.egg-info
[1.065s] running install_scripts
[1.082s] Installing actuator script to /home/sjk015/Documents/SKJ015-Intelligent_Control/Task_4_1/ros2_ws/install/ibvs/lib/ibvs
[1.082s] Installing controller script to /home/sjk015/Documents/SKJ015-Intelligent_Control/Task_4_1/ros2_ws/install/ibvs/lib/ibvs
[1.083s] Installing feature_extractor script to /home/sjk015/Documents/SKJ015-Intelligent_Control/Task_4_1/ros2_ws/install/ibvs/lib/ibvs
[1.083s] writing list of installed files to '/home/sjk015/Documents/SKJ015-Intelligent_Control/Task_4_1/ros2_ws/build/ibvs/install.log'
[1.108s] Invoked command in '/home/sjk015/Documents/SKJ015-Intelligent_Control/Task_4_1/ros2_ws/src/ibvs' returned '0': CONDA_PROMPT_MODIFIER=(base) PYTHONPATH=/home/sjk015/Documents/SKJ015-Intelligent_Control/Task_4_1/ros2_ws/build/ibvs/prefix_override:/usr/lib/python3/dist-packages/colcon_core/task/python/colcon_distutils_commands:/home/sjk015/Documents/SKJ015-Intelligent_Control/Task_4_1/ros2_ws/install/ibvs/lib/python3.10/site-packages:${PYTHONPATH} /usr/bin/python3 -W ignore:setup.py install is deprecated setup.py egg_info --egg-base ../../build/ibvs build --build-base /home/sjk015/Documents/SKJ015-Intelligent_Control/Task_4_1/ros2_ws/build/ibvs/build install --record /home/sjk015/Documents/SKJ015-Intelligent_Control/Task_4_1/ros2_ws/build/ibvs/install.log --single-version-externally-managed install_data
