[2.324s] Invoking command in '/home/sjk015/Documents/SKJ015-Intelligent_Control/Task_4_1/ros2_ws/src/pbvs_package': PYTHONPATH=/home/sjk015/Documents/SKJ015-Intelligent_Control/Task_4_1/ros2_ws/build/pbvs_package/prefix_override:/home/sjk015/Documents/SKJ015-Intelligent_Control/Task_4_1/ros2_ws/install/pbvs_package/lib/python3.10/site-packages:${PYTHONPATH} /usr/bin/python3 -W ignore:setup.py install is deprecated setup.py egg_info --egg-base ../../build/pbvs_package build --build-base /home/sjk015/Documents/SKJ015-Intelligent_Control/Task_4_1/ros2_ws/build/pbvs_package/build install --record /home/sjk015/Documents/SKJ015-Intelligent_Control/Task_4_1/ros2_ws/build/pbvs_package/install.log --single-version-externally-managed install_data
[2.849s] running egg_info
[2.853s] writing ../../build/pbvs_package/pbvs_package.egg-info/PKG-INFO
[2.854s] writing dependency_links to ../../build/pbvs_package/pbvs_package.egg-info/dependency_links.txt
[2.854s] writing entry points to ../../build/pbvs_package/pbvs_package.egg-info/entry_points.txt
[2.854s] writing requirements to ../../build/pbvs_package/pbvs_package.egg-info/requires.txt
[2.855s] writing top-level names to ../../build/pbvs_package/pbvs_package.egg-info/top_level.txt
[2.856s] reading manifest file '../../build/pbvs_package/pbvs_package.egg-info/SOURCES.txt'
[2.856s] adding license file 'LICENSE'
[2.869s] writing manifest file '../../build/pbvs_package/pbvs_package.egg-info/SOURCES.txt'
[2.870s] running build
[2.870s] running build_py
[2.870s] running install
[2.870s] running install_lib
[2.870s] running install_data
[2.870s] running install_egg_info
[2.871s] removing '/home/sjk015/Documents/SKJ015-Intelligent_Control/Task_4_1/ros2_ws/install/pbvs_package/lib/python3.10/site-packages/pbvs_package-0.0.0-py3.10.egg-info' (and everything under it)
[2.871s] Copying ../../build/pbvs_package/pbvs_package.egg-info to /home/sjk015/Documents/SKJ015-Intelligent_Control/Task_4_1/ros2_ws/install/pbvs_package/lib/python3.10/site-packages/pbvs_package-0.0.0-py3.10.egg-info
[2.871s] running install_scripts
[2.909s] Installing actuator_node script to /home/sjk015/Documents/SKJ015-Intelligent_Control/Task_4_1/ros2_ws/install/pbvs_package/lib/pbvs_package
[2.910s] Installing controller_node script to /home/sjk015/Documents/SKJ015-Intelligent_Control/Task_4_1/ros2_ws/install/pbvs_package/lib/pbvs_package
[2.913s] Installing feature_extraction_node script to /home/sjk015/Documents/SKJ015-Intelligent_Control/Task_4_1/ros2_ws/install/pbvs_package/lib/pbvs_package
[2.913s] writing list of installed files to '/home/sjk015/Documents/SKJ015-Intelligent_Control/Task_4_1/ros2_ws/build/pbvs_package/install.log'
[3.007s] Invoked command in '/home/sjk015/Documents/SKJ015-Intelligent_Control/Task_4_1/ros2_ws/src/pbvs_package' returned '0': PYTHONPATH=/home/sjk015/Documents/SKJ015-Intelligent_Control/Task_4_1/ros2_ws/build/pbvs_package/prefix_override:/home/sjk015/Documents/SKJ015-Intelligent_Control/Task_4_1/ros2_ws/install/pbvs_package/lib/python3.10/site-packages:${PYTHONPATH} /usr/bin/python3 -W ignore:setup.py install is deprecated setup.py egg_info --egg-base ../../build/pbvs_package build --build-base /home/sjk015/Documents/SKJ015-Intelligent_Control/Task_4_1/ros2_ws/build/pbvs_package/build install --record /home/sjk015/Documents/SKJ015-Intelligent_Control/Task_4_1/ros2_ws/build/pbvs_package/install.log --single-version-externally-managed install_data
