/home/sjk015/Documents/SKJ015-Intelligent_Control/Task_4_1/ros2_ws/install/pbvs_package/lib/python3.10/site-packages/pbvs_package/launcher.py
/home/sjk015/Documents/SKJ015-Intelligent_Control/Task_4_1/ros2_ws/install/pbvs_package/lib/python3.10/site-packages/pbvs_package/controller.py
/home/sjk015/Documents/SKJ015-Intelligent_Control/Task_4_1/ros2_ws/install/pbvs_package/lib/python3.10/site-packages/pbvs_package/__init__.py
/home/sjk015/Documents/SKJ015-Intelligent_Control/Task_4_1/ros2_ws/install/pbvs_package/lib/python3.10/site-packages/pbvs_package/FeatureExtractor.py
/home/sjk015/Documents/SKJ015-Intelligent_Control/Task_4_1/ros2_ws/install/pbvs_package/lib/python3.10/site-packages/pbvs_package/mainROS.py
/home/sjk015/Documents/SKJ015-Intelligent_Control/Task_4_1/ros2_ws/install/pbvs_package/lib/python3.10/site-packages/pbvs_package/actuator.py
/home/sjk015/Documents/SKJ015-Intelligent_Control/Task_4_1/ros2_ws/install/pbvs_package/lib/python3.10/site-packages/pbvs_package/__pycache__/launcher.cpython-310.pyc
/home/sjk015/Documents/SKJ015-Intelligent_Control/Task_4_1/ros2_ws/install/pbvs_package/lib/python3.10/site-packages/pbvs_package/__pycache__/controller.cpython-310.pyc
/home/sjk015/Documents/SKJ015-Intelligent_Control/Task_4_1/ros2_ws/install/pbvs_package/lib/python3.10/site-packages/pbvs_package/__pycache__/__init__.cpython-310.pyc
/home/sjk015/Documents/SKJ015-Intelligent_Control/Task_4_1/ros2_ws/install/pbvs_package/lib/python3.10/site-packages/pbvs_package/__pycache__/FeatureExtractor.cpython-310.pyc
/home/sjk015/Documents/SKJ015-Intelligent_Control/Task_4_1/ros2_ws/install/pbvs_package/lib/python3.10/site-packages/pbvs_package/__pycache__/mainROS.cpython-310.pyc
/home/sjk015/Documents/SKJ015-Intelligent_Control/Task_4_1/ros2_ws/install/pbvs_package/lib/python3.10/site-packages/pbvs_package/__pycache__/actuator.cpython-310.pyc
/home/sjk015/Documents/SKJ015-Intelligent_Control/Task_4_1/ros2_ws/install/pbvs_package/share/ament_index/resource_index/packages/pbvs_package
/home/sjk015/Documents/SKJ015-Intelligent_Control/Task_4_1/ros2_ws/install/pbvs_package/share/pbvs_package/package.xml
/home/sjk015/Documents/SKJ015-Intelligent_Control/Task_4_1/ros2_ws/install/pbvs_package/lib/python3.10/site-packages/pbvs_package-0.0.0-py3.10.egg-info/dependency_links.txt
/home/sjk015/Documents/SKJ015-Intelligent_Control/Task_4_1/ros2_ws/install/pbvs_package/lib/python3.10/site-packages/pbvs_package-0.0.0-py3.10.egg-info/top_level.txt
/home/sjk015/Documents/SKJ015-Intelligent_Control/Task_4_1/ros2_ws/install/pbvs_package/lib/python3.10/site-packages/pbvs_package-0.0.0-py3.10.egg-info/SOURCES.txt
/home/sjk015/Documents/SKJ015-Intelligent_Control/Task_4_1/ros2_ws/install/pbvs_package/lib/python3.10/site-packages/pbvs_package-0.0.0-py3.10.egg-info/zip-safe
/home/sjk015/Documents/SKJ015-Intelligent_Control/Task_4_1/ros2_ws/install/pbvs_package/lib/python3.10/site-packages/pbvs_package-0.0.0-py3.10.egg-info/requires.txt
/home/sjk015/Documents/SKJ015-Intelligent_Control/Task_4_1/ros2_ws/install/pbvs_package/lib/python3.10/site-packages/pbvs_package-0.0.0-py3.10.egg-info/PKG-INFO
/home/sjk015/Documents/SKJ015-Intelligent_Control/Task_4_1/ros2_ws/install/pbvs_package/lib/python3.10/site-packages/pbvs_package-0.0.0-py3.10.egg-info/entry_points.txt
/home/sjk015/Documents/SKJ015-Intelligent_Control/Task_4_1/ros2_ws/install/pbvs_package/lib/pbvs_package/actuator_node
/home/sjk015/Documents/SKJ015-Intelligent_Control/Task_4_1/ros2_ws/install/pbvs_package/lib/pbvs_package/controller_node
/home/sjk015/Documents/SKJ015-Intelligent_Control/Task_4_1/ros2_ws/install/pbvs_package/lib/pbvs_package/feature_extraction_node
