[0.474s] Invoking command in '/home/sjk015/Documents/SKJ015-Intelligent_Control/Task_4_1/ros2_ws/src/pbvs': CONDA_PROMPT_MODIFIER=(base) PYTHONPATH=/home/sjk015/Documents/SKJ015-Intelligent_Control/Task_4_1/ros2_ws/build/pbvs/prefix_override:/home/sjk015/Documents/SKJ015-Intelligent_Control/Task_4_1/ros2_ws/install/pbvs/lib/python3.10/site-packages:${PYTHONPATH} /usr/bin/python3 -W ignore:setup.py install is deprecated setup.py egg_info --egg-base ../../build/pbvs build --build-base /home/sjk015/Documents/SKJ015-Intelligent_Control/Task_4_1/ros2_ws/build/pbvs/build install --record /home/sjk015/Documents/SKJ015-Intelligent_Control/Task_4_1/ros2_ws/build/pbvs/install.log --single-version-externally-managed install_data
[0.667s] running egg_info
[0.669s] writing ../../build/pbvs/pbvs.egg-info/PKG-INFO
[0.669s] writing dependency_links to ../../build/pbvs/pbvs.egg-info/dependency_links.txt
[0.669s] writing entry points to ../../build/pbvs/pbvs.egg-info/entry_points.txt
[0.669s] writing requirements to ../../build/pbvs/pbvs.egg-info/requires.txt
[0.669s] writing top-level names to ../../build/pbvs/pbvs.egg-info/top_level.txt
[0.671s] reading manifest file '../../build/pbvs/pbvs.egg-info/SOURCES.txt'
[0.671s] adding license file 'LICENSE'
[0.671s] writing manifest file '../../build/pbvs/pbvs.egg-info/SOURCES.txt'
[0.671s] running build
[0.671s] running build_py
[0.672s] copying pbvs/controller.py -> /home/sjk015/Documents/SKJ015-Intelligent_Control/Task_4_1/ros2_ws/build/pbvs/build/lib/pbvs
[0.672s] running install
[0.672s] running install_lib
[0.673s] copying /home/sjk015/Documents/SKJ015-Intelligent_Control/Task_4_1/ros2_ws/build/pbvs/build/lib/pbvs/controller.py -> /home/sjk015/Documents/SKJ015-Intelligent_Control/Task_4_1/ros2_ws/install/pbvs/lib/python3.10/site-packages/pbvs
[0.673s] byte-compiling /home/sjk015/Documents/SKJ015-Intelligent_Control/Task_4_1/ros2_ws/install/pbvs/lib/python3.10/site-packages/pbvs/controller.py to controller.cpython-310.pyc
[0.673s] running install_data
[0.673s] running install_egg_info
[0.674s] removing '/home/sjk015/Documents/SKJ015-Intelligent_Control/Task_4_1/ros2_ws/install/pbvs/lib/python3.10/site-packages/pbvs-0.0.0-py3.10.egg-info' (and everything under it)
[0.674s] Copying ../../build/pbvs/pbvs.egg-info to /home/sjk015/Documents/SKJ015-Intelligent_Control/Task_4_1/ros2_ws/install/pbvs/lib/python3.10/site-packages/pbvs-0.0.0-py3.10.egg-info
[0.675s] running install_scripts
[0.690s] Installing actuator script to /home/sjk015/Documents/SKJ015-Intelligent_Control/Task_4_1/ros2_ws/install/pbvs/lib/pbvs
[0.690s] Installing controller script to /home/sjk015/Documents/SKJ015-Intelligent_Control/Task_4_1/ros2_ws/install/pbvs/lib/pbvs
[0.690s] Installing feature_extractor script to /home/sjk015/Documents/SKJ015-Intelligent_Control/Task_4_1/ros2_ws/install/pbvs/lib/pbvs
[0.691s] writing list of installed files to '/home/sjk015/Documents/SKJ015-Intelligent_Control/Task_4_1/ros2_ws/build/pbvs/install.log'
[0.706s] Invoked command in '/home/sjk015/Documents/SKJ015-Intelligent_Control/Task_4_1/ros2_ws/src/pbvs' returned '0': CONDA_PROMPT_MODIFIER=(base) PYTHONPATH=/home/sjk015/Documents/SKJ015-Intelligent_Control/Task_4_1/ros2_ws/build/pbvs/prefix_override:/home/sjk015/Documents/SKJ015-Intelligent_Control/Task_4_1/ros2_ws/install/pbvs/lib/python3.10/site-packages:${PYTHONPATH} /usr/bin/python3 -W ignore:setup.py install is deprecated setup.py egg_info --egg-base ../../build/pbvs build --build-base /home/sjk015/Documents/SKJ015-Intelligent_Control/Task_4_1/ros2_ws/build/pbvs/build install --record /home/sjk015/Documents/SKJ015-Intelligent_Control/Task_4_1/ros2_ws/build/pbvs/install.log --single-version-externally-managed install_data
