running egg_info
creating ../../build/ibvs/ibvs.egg-info
writing ../../build/ibvs/ibvs.egg-info/PKG-INFO
writing dependency_links to ../../build/ibvs/ibvs.egg-info/dependency_links.txt
writing entry points to ../../build/ibvs/ibvs.egg-info/entry_points.txt
writing requirements to ../../build/ibvs/ibvs.egg-info/requires.txt
writing top-level names to ../../build/ibvs/ibvs.egg-info/top_level.txt
writing manifest file '../../build/ibvs/ibvs.egg-info/SOURCES.txt'
reading manifest file '../../build/ibvs/ibvs.egg-info/SOURCES.txt'
adding license file 'LICENSE'
writing manifest file '../../build/ibvs/ibvs.egg-info/SOURCES.txt'
running build
running build_py
creating /home/sjk015/Documents/SKJ015-Intelligent_Control/Task_4_1/ros2_ws/build/ibvs/build
creating /home/sjk015/Documents/SKJ015-Intelligent_Control/Task_4_1/ros2_ws/build/ibvs/build/lib
creating /home/sjk015/Documents/SKJ015-Intelligent_Control/Task_4_1/ros2_ws/build/ibvs/build/lib/ibvs
copying ibvs/__init__.py -> /home/sjk015/Documents/SKJ015-Intelligent_Control/Task_4_1/ros2_ws/build/ibvs/build/lib/ibvs
running install
running install_lib
creating /home/sjk015/Documents/SKJ015-Intelligent_Control/Task_4_1/ros2_ws/install/ibvs/lib/python3.10/site-packages/ibvs
copying /home/sjk015/Documents/SKJ015-Intelligent_Control/Task_4_1/ros2_ws/build/ibvs/build/lib/ibvs/__init__.py -> /home/sjk015/Documents/SKJ015-Intelligent_Control/Task_4_1/ros2_ws/install/ibvs/lib/python3.10/site-packages/ibvs
byte-compiling /home/sjk015/Documents/SKJ015-Intelligent_Control/Task_4_1/ros2_ws/install/ibvs/lib/python3.10/site-packages/ibvs/__init__.py to __init__.cpython-310.pyc
running install_data
creating /home/sjk015/Documents/SKJ015-Intelligent_Control/Task_4_1/ros2_ws/install/ibvs/share/ament_index
creating /home/sjk015/Documents/SKJ015-Intelligent_Control/Task_4_1/ros2_ws/install/ibvs/share/ament_index/resource_index
creating /home/sjk015/Documents/SKJ015-Intelligent_Control/Task_4_1/ros2_ws/install/ibvs/share/ament_index/resource_index/packages
copying resource/ibvs -> /home/sjk015/Documents/SKJ015-Intelligent_Control/Task_4_1/ros2_ws/install/ibvs/share/ament_index/resource_index/packages
copying package.xml -> /home/sjk015/Documents/SKJ015-Intelligent_Control/Task_4_1/ros2_ws/install/ibvs/share/ibvs
running install_egg_info
Copying ../../build/ibvs/ibvs.egg-info to /home/sjk015/Documents/SKJ015-Intelligent_Control/Task_4_1/ros2_ws/install/ibvs/lib/python3.10/site-packages/ibvs-0.0.0-py3.10.egg-info
running install_scripts
writing list of installed files to '/home/sjk015/Documents/SKJ015-Intelligent_Control/Task_4_1/ros2_ws/build/ibvs/install.log'
